	Python 3.8.6 is now loaded in your environment.

	CUDA-10.1 loaded

	Python 3.8.6 is now loaded in your environment.

	CUDA-10.1 loaded

	TensorFlow-2.3.1 with Python3 loaded.

2022-02-09 10:19:46.745820: I tensorflow/stream_executor/platform/default/dso_loader.cc:48] Successfully opened dynamic library libcudart.so.10.1
2022-02-09 10:19:51.637603: I tensorflow/stream_executor/platform/default/dso_loader.cc:48] Successfully opened dynamic library libcuda.so.1
2022-02-09 10:19:52.282429: I tensorflow/core/common_runtime/gpu/gpu_device.cc:1716] Found device 0 with properties: 
pciBusID: 0000:06:00.0 name: Tesla V100-SXM2-32GB-LS computeCapability: 7.0
coreClock: 1.44GHz coreCount: 80 deviceMemorySize: 31.75GiB deviceMemoryBandwidth: 772.48GiB/s
2022-02-09 10:19:52.285856: I tensorflow/core/common_runtime/gpu/gpu_device.cc:1716] Found device 1 with properties: 
pciBusID: 0000:07:00.0 name: Tesla V100-SXM2-32GB-LS computeCapability: 7.0
coreClock: 1.44GHz coreCount: 80 deviceMemorySize: 31.75GiB deviceMemoryBandwidth: 772.48GiB/s
2022-02-09 10:19:52.289006: I tensorflow/core/common_runtime/gpu/gpu_device.cc:1716] Found device 2 with properties: 
pciBusID: 0000:0a:00.0 name: Tesla V100-SXM2-32GB-LS computeCapability: 7.0
coreClock: 1.44GHz coreCount: 80 deviceMemorySize: 31.75GiB deviceMemoryBandwidth: 772.48GiB/s
2022-02-09 10:19:52.292088: I tensorflow/core/common_runtime/gpu/gpu_device.cc:1716] Found device 3 with properties: 
pciBusID: 0000:0b:00.0 name: Tesla V100-SXM2-32GB-LS computeCapability: 7.0
coreClock: 1.44GHz coreCount: 80 deviceMemorySize: 31.75GiB deviceMemoryBandwidth: 772.48GiB/s
2022-02-09 10:19:52.295500: I tensorflow/core/common_runtime/gpu/gpu_device.cc:1716] Found device 4 with properties: 
pciBusID: 0000:85:00.0 name: Tesla V100-SXM2-32GB-LS computeCapability: 7.0
coreClock: 1.44GHz coreCount: 80 deviceMemorySize: 31.75GiB deviceMemoryBandwidth: 772.48GiB/s
2022-02-09 10:19:52.298689: I tensorflow/core/common_runtime/gpu/gpu_device.cc:1716] Found device 5 with properties: 
pciBusID: 0000:86:00.0 name: Tesla V100-SXM2-32GB-LS computeCapability: 7.0
coreClock: 1.44GHz coreCount: 80 deviceMemorySize: 31.75GiB deviceMemoryBandwidth: 772.48GiB/s
2022-02-09 10:19:52.301894: I tensorflow/core/common_runtime/gpu/gpu_device.cc:1716] Found device 6 with properties: 
pciBusID: 0000:89:00.0 name: Tesla V100-SXM2-32GB-LS computeCapability: 7.0
coreClock: 1.44GHz coreCount: 80 deviceMemorySize: 31.75GiB deviceMemoryBandwidth: 772.48GiB/s
2022-02-09 10:19:52.305249: I tensorflow/core/common_runtime/gpu/gpu_device.cc:1716] Found device 7 with properties: 
pciBusID: 0000:8a:00.0 name: Tesla V100-SXM2-32GB-LS computeCapability: 7.0
coreClock: 1.44GHz coreCount: 80 deviceMemorySize: 31.75GiB deviceMemoryBandwidth: 772.48GiB/s
2022-02-09 10:19:52.305290: I tensorflow/stream_executor/platform/default/dso_loader.cc:48] Successfully opened dynamic library libcudart.so.10.1
2022-02-09 10:19:52.308368: I tensorflow/stream_executor/platform/default/dso_loader.cc:48] Successfully opened dynamic library libcublas.so.10
2022-02-09 10:19:52.310644: I tensorflow/stream_executor/platform/default/dso_loader.cc:48] Successfully opened dynamic library libcufft.so.10
2022-02-09 10:19:52.311479: I tensorflow/stream_executor/platform/default/dso_loader.cc:48] Successfully opened dynamic library libcurand.so.10
2022-02-09 10:19:52.314528: I tensorflow/stream_executor/platform/default/dso_loader.cc:48] Successfully opened dynamic library libcusolver.so.10
2022-02-09 10:19:52.316645: I tensorflow/stream_executor/platform/default/dso_loader.cc:48] Successfully opened dynamic library libcusparse.so.10
2022-02-09 10:19:52.321562: I tensorflow/stream_executor/platform/default/dso_loader.cc:48] Successfully opened dynamic library libcudnn.so.7
2022-02-09 10:19:52.372372: I tensorflow/core/common_runtime/gpu/gpu_device.cc:1858] Adding visible gpu devices: 0, 1, 2, 3, 4, 5, 6, 7
2022-02-09 10:19:52.372943: I tensorflow/core/platform/cpu_feature_guard.cc:142] This TensorFlow binary is optimized with oneAPI Deep Neural Network Library (oneDNN)to use the following CPU instructions in performance-critical operations:  AVX2 FMA
To enable them in other operations, rebuild TensorFlow with the appropriate compiler flags.
2022-02-09 10:19:52.379828: I tensorflow/core/platform/profile_utils/cpu_utils.cc:104] CPU Frequency: 2195005000 Hz
2022-02-09 10:19:52.379981: I tensorflow/compiler/xla/service/service.cc:168] XLA service 0x7077470 initialized for platform Host (this does not guarantee that XLA will be used). Devices:
2022-02-09 10:19:52.380027: I tensorflow/compiler/xla/service/service.cc:176]   StreamExecutor device (0): Host, Default Version
2022-02-09 10:20:08.571549: I tensorflow/compiler/xla/service/service.cc:168] XLA service 0x7118170 initialized for platform CUDA (this does not guarantee that XLA will be used). Devices:
2022-02-09 10:20:08.571662: I tensorflow/compiler/xla/service/service.cc:176]   StreamExecutor device (0): Tesla V100-SXM2-32GB-LS, Compute Capability 7.0
2022-02-09 10:20:08.571680: I tensorflow/compiler/xla/service/service.cc:176]   StreamExecutor device (1): Tesla V100-SXM2-32GB-LS, Compute Capability 7.0
2022-02-09 10:20:08.571690: I tensorflow/compiler/xla/service/service.cc:176]   StreamExecutor device (2): Tesla V100-SXM2-32GB-LS, Compute Capability 7.0
2022-02-09 10:20:08.571699: I tensorflow/compiler/xla/service/service.cc:176]   StreamExecutor device (3): Tesla V100-SXM2-32GB-LS, Compute Capability 7.0
2022-02-09 10:20:08.571708: I tensorflow/compiler/xla/service/service.cc:176]   StreamExecutor device (4): Tesla V100-SXM2-32GB-LS, Compute Capability 7.0
2022-02-09 10:20:08.571717: I tensorflow/compiler/xla/service/service.cc:176]   StreamExecutor device (5): Tesla V100-SXM2-32GB-LS, Compute Capability 7.0
2022-02-09 10:20:08.571726: I tensorflow/compiler/xla/service/service.cc:176]   StreamExecutor device (6): Tesla V100-SXM2-32GB-LS, Compute Capability 7.0
2022-02-09 10:20:08.571735: I tensorflow/compiler/xla/service/service.cc:176]   StreamExecutor device (7): Tesla V100-SXM2-32GB-LS, Compute Capability 7.0
2022-02-09 10:20:08.593572: I tensorflow/core/common_runtime/gpu/gpu_device.cc:1716] Found device 0 with properties: 
pciBusID: 0000:06:00.0 name: Tesla V100-SXM2-32GB-LS computeCapability: 7.0
coreClock: 1.44GHz coreCount: 80 deviceMemorySize: 31.75GiB deviceMemoryBandwidth: 772.48GiB/s
2022-02-09 10:20:08.596566: I tensorflow/core/common_runtime/gpu/gpu_device.cc:1716] Found device 1 with properties: 
pciBusID: 0000:07:00.0 name: Tesla V100-SXM2-32GB-LS computeCapability: 7.0
coreClock: 1.44GHz coreCount: 80 deviceMemorySize: 31.75GiB deviceMemoryBandwidth: 772.48GiB/s
2022-02-09 10:20:08.600008: I tensorflow/core/common_runtime/gpu/gpu_device.cc:1716] Found device 2 with properties: 
pciBusID: 0000:0a:00.0 name: Tesla V100-SXM2-32GB-LS computeCapability: 7.0
coreClock: 1.44GHz coreCount: 80 deviceMemorySize: 31.75GiB deviceMemoryBandwidth: 772.48GiB/s
2022-02-09 10:20:08.603481: I tensorflow/core/common_runtime/gpu/gpu_device.cc:1716] Found device 3 with properties: 
pciBusID: 0000:0b:00.0 name: Tesla V100-SXM2-32GB-LS computeCapability: 7.0
coreClock: 1.44GHz coreCount: 80 deviceMemorySize: 31.75GiB deviceMemoryBandwidth: 772.48GiB/s
2022-02-09 10:20:08.606295: I tensorflow/core/common_runtime/gpu/gpu_device.cc:1716] Found device 4 with properties: 
pciBusID: 0000:85:00.0 name: Tesla V100-SXM2-32GB-LS computeCapability: 7.0
coreClock: 1.44GHz coreCount: 80 deviceMemorySize: 31.75GiB deviceMemoryBandwidth: 772.48GiB/s
2022-02-09 10:20:08.609324: I tensorflow/core/common_runtime/gpu/gpu_device.cc:1716] Found device 5 with properties: 
pciBusID: 0000:86:00.0 name: Tesla V100-SXM2-32GB-LS computeCapability: 7.0
coreClock: 1.44GHz coreCount: 80 deviceMemorySize: 31.75GiB deviceMemoryBandwidth: 772.48GiB/s
2022-02-09 10:20:08.612313: I tensorflow/core/common_runtime/gpu/gpu_device.cc:1716] Found device 6 with properties: 
pciBusID: 0000:89:00.0 name: Tesla V100-SXM2-32GB-LS computeCapability: 7.0
coreClock: 1.44GHz coreCount: 80 deviceMemorySize: 31.75GiB deviceMemoryBandwidth: 772.48GiB/s
2022-02-09 10:20:08.615227: I tensorflow/core/common_runtime/gpu/gpu_device.cc:1716] Found device 7 with properties: 
pciBusID: 0000:8a:00.0 name: Tesla V100-SXM2-32GB-LS computeCapability: 7.0
coreClock: 1.44GHz coreCount: 80 deviceMemorySize: 31.75GiB deviceMemoryBandwidth: 772.48GiB/s
2022-02-09 10:20:08.615294: I tensorflow/stream_executor/platform/default/dso_loader.cc:48] Successfully opened dynamic library libcudart.so.10.1
2022-02-09 10:20:08.615386: I tensorflow/stream_executor/platform/default/dso_loader.cc:48] Successfully opened dynamic library libcublas.so.10
2022-02-09 10:20:08.615426: I tensorflow/stream_executor/platform/default/dso_loader.cc:48] Successfully opened dynamic library libcufft.so.10
2022-02-09 10:20:08.615461: I tensorflow/stream_executor/platform/default/dso_loader.cc:48] Successfully opened dynamic library libcurand.so.10
2022-02-09 10:20:08.615494: I tensorflow/stream_executor/platform/default/dso_loader.cc:48] Successfully opened dynamic library libcusolver.so.10
2022-02-09 10:20:08.615529: I tensorflow/stream_executor/platform/default/dso_loader.cc:48] Successfully opened dynamic library libcusparse.so.10
2022-02-09 10:20:08.615563: I tensorflow/stream_executor/platform/default/dso_loader.cc:48] Successfully opened dynamic library libcudnn.so.7
2022-02-09 10:20:08.663105: I tensorflow/core/common_runtime/gpu/gpu_device.cc:1858] Adding visible gpu devices: 0, 1, 2, 3, 4, 5, 6, 7
2022-02-09 10:20:08.663160: I tensorflow/stream_executor/platform/default/dso_loader.cc:48] Successfully opened dynamic library libcudart.so.10.1
2022-02-09 10:20:12.283783: I tensorflow/core/common_runtime/gpu/gpu_device.cc:1257] Device interconnect StreamExecutor with strength 1 edge matrix:
2022-02-09 10:20:12.283887: I tensorflow/core/common_runtime/gpu/gpu_device.cc:1263]      0 1 2 3 4 5 6 7 
2022-02-09 10:20:12.283916: I tensorflow/core/common_runtime/gpu/gpu_device.cc:1276] 0:   N Y Y Y Y N N N 
2022-02-09 10:20:12.283930: I tensorflow/core/common_runtime/gpu/gpu_device.cc:1276] 1:   Y N Y Y N Y N N 
2022-02-09 10:20:12.283941: I tensorflow/core/common_runtime/gpu/gpu_device.cc:1276] 2:   Y Y N Y N N Y N 
2022-02-09 10:20:12.283952: I tensorflow/core/common_runtime/gpu/gpu_device.cc:1276] 3:   Y Y Y N N N N Y 
2022-02-09 10:20:12.283962: I tensorflow/core/common_runtime/gpu/gpu_device.cc:1276] 4:   Y N N N N Y Y Y 
2022-02-09 10:20:12.283972: I tensorflow/core/common_runtime/gpu/gpu_device.cc:1276] 5:   N Y N N Y N Y Y 
2022-02-09 10:20:12.283982: I tensorflow/core/common_runtime/gpu/gpu_device.cc:1276] 6:   N N Y N Y Y N Y 
2022-02-09 10:20:12.283991: I tensorflow/core/common_runtime/gpu/gpu_device.cc:1276] 7:   N N N Y Y Y Y N 
2022-02-09 10:20:12.299612: I tensorflow/core/common_runtime/gpu/gpu_device.cc:1402] Created TensorFlow device (/job:localhost/replica:0/task:0/device:GPU:0 with 30130 MB memory) -> physical GPU (device: 0, name: Tesla V100-SXM2-32GB-LS, pci bus id: 0000:06:00.0, compute capability: 7.0)
2022-02-09 10:20:12.301617: I tensorflow/core/common_runtime/gpu/gpu_device.cc:1402] Created TensorFlow device (/job:localhost/replica:0/task:0/device:GPU:1 with 30130 MB memory) -> physical GPU (device: 1, name: Tesla V100-SXM2-32GB-LS, pci bus id: 0000:07:00.0, compute capability: 7.0)
2022-02-09 10:20:12.303522: I tensorflow/core/common_runtime/gpu/gpu_device.cc:1402] Created TensorFlow device (/job:localhost/replica:0/task:0/device:GPU:2 with 30130 MB memory) -> physical GPU (device: 2, name: Tesla V100-SXM2-32GB-LS, pci bus id: 0000:0a:00.0, compute capability: 7.0)
2022-02-09 10:20:12.305537: I tensorflow/core/common_runtime/gpu/gpu_device.cc:1402] Created TensorFlow device (/job:localhost/replica:0/task:0/device:GPU:3 with 30130 MB memory) -> physical GPU (device: 3, name: Tesla V100-SXM2-32GB-LS, pci bus id: 0000:0b:00.0, compute capability: 7.0)
2022-02-09 10:20:12.307461: I tensorflow/core/common_runtime/gpu/gpu_device.cc:1402] Created TensorFlow device (/job:localhost/replica:0/task:0/device:GPU:4 with 30130 MB memory) -> physical GPU (device: 4, name: Tesla V100-SXM2-32GB-LS, pci bus id: 0000:85:00.0, compute capability: 7.0)
2022-02-09 10:20:12.309570: I tensorflow/core/common_runtime/gpu/gpu_device.cc:1402] Created TensorFlow device (/job:localhost/replica:0/task:0/device:GPU:5 with 30130 MB memory) -> physical GPU (device: 5, name: Tesla V100-SXM2-32GB-LS, pci bus id: 0000:86:00.0, compute capability: 7.0)
2022-02-09 10:20:12.312529: I tensorflow/core/common_runtime/gpu/gpu_device.cc:1402] Created TensorFlow device (/job:localhost/replica:0/task:0/device:GPU:6 with 30130 MB memory) -> physical GPU (device: 6, name: Tesla V100-SXM2-32GB-LS, pci bus id: 0000:89:00.0, compute capability: 7.0)
2022-02-09 10:20:12.315539: I tensorflow/core/common_runtime/gpu/gpu_device.cc:1402] Created TensorFlow device (/job:localhost/replica:0/task:0/device:GPU:7 with 30130 MB memory) -> physical GPU (device: 7, name: Tesla V100-SXM2-32GB-LS, pci bus id: 0000:8a:00.0, compute capability: 7.0)
WARNING:tensorflow:From segUNet.py:157: multi_gpu_model (from tensorflow.python.keras.utils.multi_gpu_utils) is deprecated and will be removed after 2020-04-01.
Instructions for updating:
Use `tf.distribute.MirroredStrategy` instead.
2022-02-09 10:20:14.094667: I tensorflow/core/common_runtime/gpu/gpu_device.cc:1716] Found device 0 with properties: 
pciBusID: 0000:06:00.0 name: Tesla V100-SXM2-32GB-LS computeCapability: 7.0
coreClock: 1.44GHz coreCount: 80 deviceMemorySize: 31.75GiB deviceMemoryBandwidth: 772.48GiB/s
2022-02-09 10:20:14.096896: I tensorflow/core/common_runtime/gpu/gpu_device.cc:1716] Found device 1 with properties: 
pciBusID: 0000:07:00.0 name: Tesla V100-SXM2-32GB-LS computeCapability: 7.0
coreClock: 1.44GHz coreCount: 80 deviceMemorySize: 31.75GiB deviceMemoryBandwidth: 772.48GiB/s
2022-02-09 10:20:14.099511: I tensorflow/core/common_runtime/gpu/gpu_device.cc:1716] Found device 2 with properties: 
pciBusID: 0000:0a:00.0 name: Tesla V100-SXM2-32GB-LS computeCapability: 7.0
coreClock: 1.44GHz coreCount: 80 deviceMemorySize: 31.75GiB deviceMemoryBandwidth: 772.48GiB/s
2022-02-09 10:20:14.102073: I tensorflow/core/common_runtime/gpu/gpu_device.cc:1716] Found device 3 with properties: 
pciBusID: 0000:0b:00.0 name: Tesla V100-SXM2-32GB-LS computeCapability: 7.0
coreClock: 1.44GHz coreCount: 80 deviceMemorySize: 31.75GiB deviceMemoryBandwidth: 772.48GiB/s
2022-02-09 10:20:14.104678: I tensorflow/core/common_runtime/gpu/gpu_device.cc:1716] Found device 4 with properties: 
pciBusID: 0000:85:00.0 name: Tesla V100-SXM2-32GB-LS computeCapability: 7.0
coreClock: 1.44GHz coreCount: 80 deviceMemorySize: 31.75GiB deviceMemoryBandwidth: 772.48GiB/s
2022-02-09 10:20:14.107226: I tensorflow/core/common_runtime/gpu/gpu_device.cc:1716] Found device 5 with properties: 
pciBusID: 0000:86:00.0 name: Tesla V100-SXM2-32GB-LS computeCapability: 7.0
coreClock: 1.44GHz coreCount: 80 deviceMemorySize: 31.75GiB deviceMemoryBandwidth: 772.48GiB/s
2022-02-09 10:20:14.109827: I tensorflow/core/common_runtime/gpu/gpu_device.cc:1716] Found device 6 with properties: 
pciBusID: 0000:89:00.0 name: Tesla V100-SXM2-32GB-LS computeCapability: 7.0
coreClock: 1.44GHz coreCount: 80 deviceMemorySize: 31.75GiB deviceMemoryBandwidth: 772.48GiB/s
2022-02-09 10:20:14.112399: I tensorflow/core/common_runtime/gpu/gpu_device.cc:1716] Found device 7 with properties: 
pciBusID: 0000:8a:00.0 name: Tesla V100-SXM2-32GB-LS computeCapability: 7.0
coreClock: 1.44GHz coreCount: 80 deviceMemorySize: 31.75GiB deviceMemoryBandwidth: 772.48GiB/s
2022-02-09 10:20:14.112439: I tensorflow/stream_executor/platform/default/dso_loader.cc:48] Successfully opened dynamic library libcudart.so.10.1
2022-02-09 10:20:14.112475: I tensorflow/stream_executor/platform/default/dso_loader.cc:48] Successfully opened dynamic library libcublas.so.10
2022-02-09 10:20:14.112508: I tensorflow/stream_executor/platform/default/dso_loader.cc:48] Successfully opened dynamic library libcufft.so.10
2022-02-09 10:20:14.112540: I tensorflow/stream_executor/platform/default/dso_loader.cc:48] Successfully opened dynamic library libcurand.so.10
2022-02-09 10:20:14.112573: I tensorflow/stream_executor/platform/default/dso_loader.cc:48] Successfully opened dynamic library libcusolver.so.10
2022-02-09 10:20:14.112618: I tensorflow/stream_executor/platform/default/dso_loader.cc:48] Successfully opened dynamic library libcusparse.so.10
2022-02-09 10:20:14.112651: I tensorflow/stream_executor/platform/default/dso_loader.cc:48] Successfully opened dynamic library libcudnn.so.7
2022-02-09 10:20:14.154502: I tensorflow/core/common_runtime/gpu/gpu_device.cc:1858] Adding visible gpu devices: 0, 1, 2, 3, 4, 5, 6, 7
2022-02-09 10:20:14.154631: I tensorflow/core/common_runtime/gpu/gpu_device.cc:1257] Device interconnect StreamExecutor with strength 1 edge matrix:
2022-02-09 10:20:14.154654: I tensorflow/core/common_runtime/gpu/gpu_device.cc:1263]      0 1 2 3 4 5 6 7 
2022-02-09 10:20:14.154668: I tensorflow/core/common_runtime/gpu/gpu_device.cc:1276] 0:   N Y Y Y Y N N N 
2022-02-09 10:20:14.154679: I tensorflow/core/common_runtime/gpu/gpu_device.cc:1276] 1:   Y N Y Y N Y N N 
2022-02-09 10:20:14.154688: I tensorflow/core/common_runtime/gpu/gpu_device.cc:1276] 2:   Y Y N Y N N Y N 
2022-02-09 10:20:14.154697: I tensorflow/core/common_runtime/gpu/gpu_device.cc:1276] 3:   Y Y Y N N N N Y 
2022-02-09 10:20:14.154706: I tensorflow/core/common_runtime/gpu/gpu_device.cc:1276] 4:   Y N N N N Y Y Y 
2022-02-09 10:20:14.154716: I tensorflow/core/common_runtime/gpu/gpu_device.cc:1276] 5:   N Y N N Y N Y Y 
2022-02-09 10:20:14.154725: I tensorflow/core/common_runtime/gpu/gpu_device.cc:1276] 6:   N N Y N Y Y N Y 
2022-02-09 10:20:14.154734: I tensorflow/core/common_runtime/gpu/gpu_device.cc:1276] 7:   N N N Y Y Y Y N 
2022-02-09 10:20:14.177870: I tensorflow/core/common_runtime/gpu/gpu_device.cc:1402] Created TensorFlow device (/job:localhost/replica:0/task:0/device:GPU:0 with 30130 MB memory) -> physical GPU (device: 0, name: Tesla V100-SXM2-32GB-LS, pci bus id: 0000:06:00.0, compute capability: 7.0)
2022-02-09 10:20:14.180519: I tensorflow/core/common_runtime/gpu/gpu_device.cc:1402] Created TensorFlow device (/job:localhost/replica:0/task:0/device:GPU:1 with 30130 MB memory) -> physical GPU (device: 1, name: Tesla V100-SXM2-32GB-LS, pci bus id: 0000:07:00.0, compute capability: 7.0)
2022-02-09 10:20:14.182681: I tensorflow/core/common_runtime/gpu/gpu_device.cc:1402] Created TensorFlow device (/job:localhost/replica:0/task:0/device:GPU:2 with 30130 MB memory) -> physical GPU (device: 2, name: Tesla V100-SXM2-32GB-LS, pci bus id: 0000:0a:00.0, compute capability: 7.0)
2022-02-09 10:20:14.184412: I tensorflow/core/common_runtime/gpu/gpu_device.cc:1402] Created TensorFlow device (/job:localhost/replica:0/task:0/device:GPU:3 with 30130 MB memory) -> physical GPU (device: 3, name: Tesla V100-SXM2-32GB-LS, pci bus id: 0000:0b:00.0, compute capability: 7.0)
2022-02-09 10:20:14.186147: I tensorflow/core/common_runtime/gpu/gpu_device.cc:1402] Created TensorFlow device (/job:localhost/replica:0/task:0/device:GPU:4 with 30130 MB memory) -> physical GPU (device: 4, name: Tesla V100-SXM2-32GB-LS, pci bus id: 0000:85:00.0, compute capability: 7.0)
2022-02-09 10:20:14.187875: I tensorflow/core/common_runtime/gpu/gpu_device.cc:1402] Created TensorFlow device (/job:localhost/replica:0/task:0/device:GPU:5 with 30130 MB memory) -> physical GPU (device: 5, name: Tesla V100-SXM2-32GB-LS, pci bus id: 0000:86:00.0, compute capability: 7.0)
2022-02-09 10:20:14.189607: I tensorflow/core/common_runtime/gpu/gpu_device.cc:1402] Created TensorFlow device (/job:localhost/replica:0/task:0/device:GPU:6 with 30130 MB memory) -> physical GPU (device: 6, name: Tesla V100-SXM2-32GB-LS, pci bus id: 0000:89:00.0, compute capability: 7.0)
2022-02-09 10:20:14.191341: I tensorflow/core/common_runtime/gpu/gpu_device.cc:1402] Created TensorFlow device (/job:localhost/replica:0/task:0/device:GPU:7 with 30130 MB memory) -> physical GPU (device: 7, name: Tesla V100-SXM2-32GB-LS, pci bus id: 0000:8a:00.0, compute capability: 7.0)
2022-02-09 10:20:39.735410: I tensorflow/stream_executor/platform/default/dso_loader.cc:48] Successfully opened dynamic library libcudnn.so.7
2022-02-09 10:20:48.839798: I tensorflow/stream_executor/platform/default/dso_loader.cc:48] Successfully opened dynamic library libcublas.so.10
slurmstepd: error: *** JOB 214214 ON dgk316 CANCELLED AT 2022-02-09T11:36:00 ***
