rm: cannot remove ‘/cosma6/data/dp004/dc-bian1/_cache0/*h5’: No such file or directory
rm: cannot remove ‘/cosma6/data/dp004/dc-bian1/_cache1/*h5’: No such file or directory
rm: cannot remove ‘/cosma6/data/dp004/dc-bian1/_cache2/*h5’: No such file or directory
rm: cannot remove ‘/cosma6/data/dp004/dc-bian1/_cache3/*h5’: No such file or directory
rm: cannot remove ‘/cosma6/data/dp004/dc-bian1/_cache4/*h5’: No such file or directory
rm: cannot remove ‘/cosma6/data/dp004/dc-bian1/_cache7/*h5’: No such file or directory
rm: cannot remove ‘/cosma6/data/dp004/dc-bian1/_cache8/*h5’rm: cannot remove ‘/cosma6/data/dp004/dc-bian1/_cache9/*h5’: No such file or directory
: No such file or directory
rm: cannot remove ‘/cosma6/data/dp004/dc-bian1/_cache10/*h5’: No such file or directory
rm: cannot remove ‘/cosma6/data/dp004/dc-bian1/_cache11/*h5’: No such file or directory
rm: cannot remove ‘/cosma6/data/dp004/dc-bian1/_cache18/*h5’: No such file or directory
rm: cannot remove ‘/cosma6/data/dp004/dc-bian1/_cache19/*h5’: No such file or directory
rm: cannot remove ‘/cosma6/data/dp004/dc-bian1/_cache12/*h5’: No such file or directory
rm: cannot remove ‘/cosma6/data/dp004/dc-bian1/_cache13/*h5’: No such file or directory
rm: cannot remove ‘/cosma6/data/dp004/dc-bian1/_cache14/*h5’: No such file or directory
rm: cannot remove ‘/cosma6/data/dp004/dc-bian1/_cache15/*h5’: No such file or directory
rm: cannot remove ‘/cosma6/data/dp004/dc-bian1/_cache17/*h5’rm: cannot remove ‘/cosma6/data/dp004/dc-bian1/_cache16/*h5’: No such file or directory
: No such file or directory
rm: cannot remove ‘/cosma6/data/dp004/dc-bian1/_cache6/*h5’: No such file or directory
rm: cannot remove ‘/cosma6/data/dp004/dc-bian1/_cache5/*h5’: No such file or directory
rm: cannot remove ‘/cosma6/data/dp004/dc-bian1/_cache22/*h5’: No such file or directory
rm: cannot remove ‘/cosma6/data/dp004/dc-bian1/_cache23/*h5’: No such file or directory
rm: cannot remove ‘/cosma6/data/dp004/dc-bian1/_cache24/*h5’: No such file or directory
rm: cannot remove ‘/cosma6/data/dp004/dc-bian1/_cache25/*h5’: No such file or directory
rm: cannot remove ‘/cosma6/data/dp004/dc-bian1/_cache26/*h5’: No such file or directory
rm: cannot remove ‘/cosma6/data/dp004/dc-bian1/_cache27/*h5’: No such file or directory
rm: cannot remove ‘/cosma6/data/dp004/dc-bian1/_cache29/*h5’: No such file or directory
rm: cannot remove ‘/cosma6/data/dp004/dc-bian1/_cache20/*h5’rm: cannot remove ‘/cosma6/data/dp004/dc-bian1/_cache21/*h5’: No such file or directory
: No such file or directory
rm: cannot remove ‘/cosma6/data/dp004/dc-bian1/_cache28/*h5’: No such file or directory
rm: cannot remove ‘/cosma6/data/dp004/dc-bian1/_cache36/*h5’rm: cannot remove ‘/cosma6/data/dp004/dc-bian1/_cache37/*h5’rm: cannot remove ‘/cosma6/data/dp004/dc-bian1/_cache38/*h5’rm: cannot remove ‘/cosma6/data/dp004/dc-bian1/_cache30/*h5’rm: cannot remove ‘/cosma6/data/dp004/dc-bian1/_cache31/*h5’rm: cannot remove ‘/cosma6/data/dp004/dc-bian1/_cache32/*h5’rm: cannot remove ‘/cosma6/data/dp004/dc-bian1/_cache34/*h5’rm: cannot remove ‘/cosma6/data/dp004/dc-bian1/_cache39/*h5’rm: cannot remove ‘/cosma6/data/dp004/dc-bian1/_cache33/*h5’rm: cannot remove ‘/cosma6/data/dp004/dc-bian1/_cache35/*h5’: No such file or directory
: No such file or directory
: No such file or directory
: No such file or directory
: No such file or directory
: No such file or directory
: No such file or directory
: No such file or directory
: No such file or directory
: No such file or directory
tar: Removing leading `/' from member names
/cosma/home/dp004/dc-bian1/.local/lib/python3.7/site-packages/py21cmfast/_cfg.py:50: UserWarning: Your configuration file is out of date. Updating...
  "Your configuration file is out of date. Updating..."
/cosma/home/dp004/dc-bian1/.local/lib/python3.7/site-packages/py21cmfast/_cfg.py:33: UserWarning: Your configuration file is out of date. Updating...
  warnings.warn("Your configuration file is out of date. Updating...")
/cosma/home/dp004/dc-bian1/.local/lib/python3.7/site-packages/py21cmfast/_cfg.py:50: UserWarning: Your configuration file is out of date. Updating...
  "Your configuration file is out of date. Updating..."
/cosma/home/dp004/dc-bian1/.local/lib/python3.7/site-packages/py21cmfast/_cfg.py:33: UserWarning: Your configuration file is out of date. Updating...
  warnings.warn("Your configuration file is out of date. Updating...")
/cosma/home/dp004/dc-bian1/.local/lib/python3.7/site-packages/py21cmfast/_cfg.py:50: UserWarning: Your configuration file is out of date. Updating...
  "Your configuration file is out of date. Updating..."
/cosma/home/dp004/dc-bian1/.local/lib/python3.7/site-packages/py21cmfast/_cfg.py:33: UserWarning: Your configuration file is out of date. Updating...
  warnings.warn("Your configuration file is out of date. Updating...")
/cosma/home/dp004/dc-bian1/.local/lib/python3.7/site-packages/py21cmfast/_cfg.py:50: UserWarning: Your configuration file is out of date. Updating...
  "Your configuration file is out of date. Updating..."
/cosma/home/dp004/dc-bian1/.local/lib/python3.7/site-packages/py21cmfast/_cfg.py:33: UserWarning: Your configuration file is out of date. Updating...
  warnings.warn("Your configuration file is out of date. Updating...")
/cosma/home/dp004/dc-bian1/.local/lib/python3.7/site-packages/py21cmfast/_cfg.py:50: UserWarning: Your configuration file is out of date. Updating...
  "Your configuration file is out of date. Updating..."
/cosma/home/dp004/dc-bian1/.local/lib/python3.7/site-packages/py21cmfast/_cfg.py:33: UserWarning: Your configuration file is out of date. Updating...
  warnings.warn("Your configuration file is out of date. Updating...")
/cosma/home/dp004/dc-bian1/.local/lib/python3.7/site-packages/py21cmfast/_cfg.py:50: UserWarning: Your configuration file is out of date. Updating...
  "Your configuration file is out of date. Updating..."
/cosma/home/dp004/dc-bian1/.local/lib/python3.7/site-packages/py21cmfast/_cfg.py:33: UserWarning: Your configuration file is out of date. Updating...
  warnings.warn("Your configuration file is out of date. Updating...")
/cosma/home/dp004/dc-bian1/.local/lib/python3.7/site-packages/py21cmfast/_cfg.py:50: UserWarning: Your configuration file is out of date. Updating...
  "Your configuration file is out of date. Updating..."
/cosma/home/dp004/dc-bian1/.local/lib/python3.7/site-packages/py21cmfast/_cfg.py:33: UserWarning: Your configuration file is out of date. Updating...
  warnings.warn("Your configuration file is out of date. Updating...")
/cosma/home/dp004/dc-bian1/.local/lib/python3.7/site-packages/py21cmfast/_cfg.py:50: UserWarning: Your configuration file is out of date. Updating...
  "Your configuration file is out of date. Updating..."
/cosma/home/dp004/dc-bian1/.local/lib/python3.7/site-packages/py21cmfast/_cfg.py:33: UserWarning: Your configuration file is out of date. Updating...
  warnings.warn("Your configuration file is out of date. Updating...")
/cosma/home/dp004/dc-bian1/.local/lib/python3.7/site-packages/py21cmfast/_cfg.py:50: UserWarning: Your configuration file is out of date. Updating...
  "Your configuration file is out of date. Updating..."
/cosma/home/dp004/dc-bian1/.local/lib/python3.7/site-packages/py21cmfast/_cfg.py:33: UserWarning: Your configuration file is out of date. Updating...
  warnings.warn("Your configuration file is out of date. Updating...")
/cosma/home/dp004/dc-bian1/.local/lib/python3.7/site-packages/py21cmfast/_cfg.py:50: UserWarning: Your configuration file is out of date. Updating...
  "Your configuration file is out of date. Updating..."
/cosma/home/dp004/dc-bian1/.local/lib/python3.7/site-packages/py21cmfast/_cfg.py:33: UserWarning: Your configuration file is out of date. Updating...
  warnings.warn("Your configuration file is out of date. Updating...")
/cosma/home/dp004/dc-bian1/.local/lib/python3.7/site-packages/py21cmfast/_cfg.py:50: UserWarning: Your configuration file is out of date. Updating...
  "Your configuration file is out of date. Updating..."
/cosma/home/dp004/dc-bian1/.local/lib/python3.7/site-packages/py21cmfast/_cfg.py:33: UserWarning: Your configuration file is out of date. Updating...
  warnings.warn("Your configuration file is out of date. Updating...")
/cosma/home/dp004/dc-bian1/.local/lib/python3.7/site-packages/py21cmfast/_cfg.py:50: UserWarning: Your configuration file is out of date. Updating...
  "Your configuration file is out of date. Updating..."
/cosma/home/dp004/dc-bian1/.local/lib/python3.7/site-packages/py21cmfast/_cfg.py:33: UserWarning: Your configuration file is out of date. Updating...
  warnings.warn("Your configuration file is out of date. Updating...")
/cosma/home/dp004/dc-bian1/.local/lib/python3.7/site-packages/py21cmfast/_cfg.py:50: UserWarning: Your configuration file is out of date. Updating...
  "Your configuration file is out of date. Updating..."
/cosma/home/dp004/dc-bian1/.local/lib/python3.7/site-packages/py21cmfast/_cfg.py:33: UserWarning: Your configuration file is out of date. Updating...
  warnings.warn("Your configuration file is out of date. Updating...")
/cosma/home/dp004/dc-bian1/.local/lib/python3.7/site-packages/py21cmfast/_cfg.py:50: UserWarning: Your configuration file is out of date. Updating...
  "Your configuration file is out of date. Updating..."
/cosma/home/dp004/dc-bian1/.local/lib/python3.7/site-packages/py21cmfast/_cfg.py:33: UserWarning: Your configuration file is out of date. Updating...
  warnings.warn("Your configuration file is out of date. Updating...")
/cosma/home/dp004/dc-bian1/.local/lib/python3.7/site-packages/py21cmfast/_cfg.py:50: UserWarning: Your configuration file is out of date. Updating...
  "Your configuration file is out of date. Updating..."
/cosma/home/dp004/dc-bian1/.local/lib/python3.7/site-packages/py21cmfast/_cfg.py:33: UserWarning: Your configuration file is out of date. Updating...
  warnings.warn("Your configuration file is out of date. Updating...")
/cosma/home/dp004/dc-bian1/.local/lib/python3.7/site-packages/py21cmfast/_cfg.py:50: UserWarning: Your configuration file is out of date. Updating...
  "Your configuration file is out of date. Updating..."
/cosma/home/dp004/dc-bian1/.local/lib/python3.7/site-packages/py21cmfast/_cfg.py:33: UserWarning: Your configuration file is out of date. Updating...
  warnings.warn("Your configuration file is out of date. Updating...")
/cosma/home/dp004/dc-bian1/.local/lib/python3.7/site-packages/py21cmfast/_cfg.py:50: UserWarning: Your configuration file is out of date. Updating...
  "Your configuration file is out of date. Updating..."
/cosma/home/dp004/dc-bian1/.local/lib/python3.7/site-packages/py21cmfast/_cfg.py:33: UserWarning: Your configuration file is out of date. Updating...
  warnings.warn("Your configuration file is out of date. Updating...")
/cosma/home/dp004/dc-bian1/.local/lib/python3.7/site-packages/py21cmfast/_cfg.py:50: UserWarning: Your configuration file is out of date. Updating...
  "Your configuration file is out of date. Updating..."
/cosma/home/dp004/dc-bian1/.local/lib/python3.7/site-packages/py21cmfast/_cfg.py:33: UserWarning: Your configuration file is out of date. Updating...
  warnings.warn("Your configuration file is out of date. Updating...")
/cosma/home/dp004/dc-bian1/.local/lib/python3.7/site-packages/py21cmfast/_cfg.py:50: UserWarning: Your configuration file is out of date. Updating...
  "Your configuration file is out of date. Updating..."
/cosma/home/dp004/dc-bian1/.local/lib/python3.7/site-packages/py21cmfast/_cfg.py:33: UserWarning: Your configuration file is out of date. Updating...
  warnings.warn("Your configuration file is out of date. Updating...")
/cosma/home/dp004/dc-bian1/.local/lib/python3.7/site-packages/py21cmfast/_cfg.py:50: UserWarning: Your configuration file is out of date. Updating...
  "Your configuration file is out of date. Updating..."
/cosma/home/dp004/dc-bian1/.local/lib/python3.7/site-packages/py21cmfast/_cfg.py:33: UserWarning: Your configuration file is out of date. Updating...
  warnings.warn("Your configuration file is out of date. Updating...")
/cosma/home/dp004/dc-bian1/.local/lib/python3.7/site-packages/py21cmfast/_cfg.py:50: UserWarning: Your configuration file is out of date. Updating...
  "Your configuration file is out of date. Updating..."
/cosma/home/dp004/dc-bian1/.local/lib/python3.7/site-packages/py21cmfast/_cfg.py:33: UserWarning: Your configuration file is out of date. Updating...
  warnings.warn("Your configuration file is out of date. Updating...")
/cosma/home/dp004/dc-bian1/.local/lib/python3.7/site-packages/py21cmfast/_cfg.py:50: UserWarning: Your configuration file is out of date. Updating...
  "Your configuration file is out of date. Updating..."
/cosma/home/dp004/dc-bian1/.local/lib/python3.7/site-packages/py21cmfast/_cfg.py:33: UserWarning: Your configuration file is out of date. Updating...
  warnings.warn("Your configuration file is out of date. Updating...")
/cosma/home/dp004/dc-bian1/.local/lib/python3.7/site-packages/py21cmfast/_cfg.py:50: UserWarning: Your configuration file is out of date. Updating...
  "Your configuration file is out of date. Updating..."
/cosma/home/dp004/dc-bian1/.local/lib/python3.7/site-packages/py21cmfast/_cfg.py:33: UserWarning: Your configuration file is out of date. Updating...
  warnings.warn("Your configuration file is out of date. Updating...")
/cosma/home/dp004/dc-bian1/.local/lib/python3.7/site-packages/py21cmfast/_cfg.py:50: UserWarning: Your configuration file is out of date. Updating...
  "Your configuration file is out of date. Updating..."
/cosma/home/dp004/dc-bian1/.local/lib/python3.7/site-packages/py21cmfast/_cfg.py:33: UserWarning: Your configuration file is out of date. Updating...
  warnings.warn("Your configuration file is out of date. Updating...")
/cosma/home/dp004/dc-bian1/.local/lib/python3.7/site-packages/py21cmfast/_cfg.py:50: UserWarning: Your configuration file is out of date. Updating...
  "Your configuration file is out of date. Updating..."
/cosma/home/dp004/dc-bian1/.local/lib/python3.7/site-packages/py21cmfast/_cfg.py:33: UserWarning: Your configuration file is out of date. Updating...
  warnings.warn("Your configuration file is out of date. Updating...")
/cosma/home/dp004/dc-bian1/.local/lib/python3.7/site-packages/py21cmfast/_cfg.py:50: UserWarning: Your configuration file is out of date. Updating...
  "Your configuration file is out of date. Updating..."
/cosma/home/dp004/dc-bian1/.local/lib/python3.7/site-packages/py21cmfast/_cfg.py:33: UserWarning: Your configuration file is out of date. Updating...
  warnings.warn("Your configuration file is out of date. Updating...")
/cosma/home/dp004/dc-bian1/.local/lib/python3.7/site-packages/py21cmfast/_cfg.py:50: UserWarning: Your configuration file is out of date. Updating...
  "Your configuration file is out of date. Updating..."
/cosma/home/dp004/dc-bian1/.local/lib/python3.7/site-packages/py21cmfast/_cfg.py:33: UserWarning: Your configuration file is out of date. Updating...
  warnings.warn("Your configuration file is out of date. Updating...")
/cosma/home/dp004/dc-bian1/.local/lib/python3.7/site-packages/py21cmfast/_cfg.py:50: UserWarning: Your configuration file is out of date. Updating...
  "Your configuration file is out of date. Updating..."
/cosma/home/dp004/dc-bian1/.local/lib/python3.7/site-packages/py21cmfast/_cfg.py:33: UserWarning: Your configuration file is out of date. Updating...
  warnings.warn("Your configuration file is out of date. Updating...")
/cosma/home/dp004/dc-bian1/.local/lib/python3.7/site-packages/py21cmfast/_cfg.py:50: UserWarning: Your configuration file is out of date. Updating...
  "Your configuration file is out of date. Updating..."
/cosma/home/dp004/dc-bian1/.local/lib/python3.7/site-packages/py21cmfast/_cfg.py:33: UserWarning: Your configuration file is out of date. Updating...
  warnings.warn("Your configuration file is out of date. Updating...")
/cosma/home/dp004/dc-bian1/.local/lib/python3.7/site-packages/py21cmfast/_cfg.py:50: UserWarning: Your configuration file is out of date. Updating...
  "Your configuration file is out of date. Updating..."
/cosma/home/dp004/dc-bian1/.local/lib/python3.7/site-packages/py21cmfast/_cfg.py:33: UserWarning: Your configuration file is out of date. Updating...
  warnings.warn("Your configuration file is out of date. Updating...")
/cosma/home/dp004/dc-bian1/.local/lib/python3.7/site-packages/py21cmfast/_cfg.py:50: UserWarning: Your configuration file is out of date. Updating...
  "Your configuration file is out of date. Updating..."
/cosma/home/dp004/dc-bian1/.local/lib/python3.7/site-packages/py21cmfast/_cfg.py:33: UserWarning: Your configuration file is out of date. Updating...
  warnings.warn("Your configuration file is out of date. Updating...")
/cosma/home/dp004/dc-bian1/.local/lib/python3.7/site-packages/py21cmfast/_cfg.py:50: UserWarning: Your configuration file is out of date. Updating...
  "Your configuration file is out of date. Updating..."
/cosma/home/dp004/dc-bian1/.local/lib/python3.7/site-packages/py21cmfast/_cfg.py:33: UserWarning: Your configuration file is out of date. Updating...
  warnings.warn("Your configuration file is out of date. Updating...")
/cosma/home/dp004/dc-bian1/.local/lib/python3.7/site-packages/py21cmfast/_cfg.py:50: UserWarning: Your configuration file is out of date. Updating...
  "Your configuration file is out of date. Updating..."
/cosma/home/dp004/dc-bian1/.local/lib/python3.7/site-packages/py21cmfast/_cfg.py:33: UserWarning: Your configuration file is out of date. Updating...
  warnings.warn("Your configuration file is out of date. Updating...")
/cosma/home/dp004/dc-bian1/.local/lib/python3.7/site-packages/py21cmfast/_cfg.py:50: UserWarning: Your configuration file is out of date. Updating...
  "Your configuration file is out of date. Updating..."
/cosma/home/dp004/dc-bian1/.local/lib/python3.7/site-packages/py21cmfast/_cfg.py:33: UserWarning: Your configuration file is out of date. Updating...
  warnings.warn("Your configuration file is out of date. Updating...")
/cosma/home/dp004/dc-bian1/.local/lib/python3.7/site-packages/py21cmfast/_cfg.py:50: UserWarning: Your configuration file is out of date. Updating...
  "Your configuration file is out of date. Updating..."
/cosma/home/dp004/dc-bian1/.local/lib/python3.7/site-packages/py21cmfast/_cfg.py:33: UserWarning: Your configuration file is out of date. Updating...
  warnings.warn("Your configuration file is out of date. Updating...")
/cosma/home/dp004/dc-bian1/.local/lib/python3.7/site-packages/py21cmfast/_cfg.py:50: UserWarning: Your configuration file is out of date. Updating...
  "Your configuration file is out of date. Updating..."
/cosma/home/dp004/dc-bian1/.local/lib/python3.7/site-packages/py21cmfast/_cfg.py:33: UserWarning: Your configuration file is out of date. Updating...
  warnings.warn("Your configuration file is out of date. Updating...")
/cosma/home/dp004/dc-bian1/.local/lib/python3.7/site-packages/py21cmfast/_cfg.py:50: UserWarning: Your configuration file is out of date. Updating...
  "Your configuration file is out of date. Updating..."
/cosma/home/dp004/dc-bian1/.local/lib/python3.7/site-packages/py21cmfast/_cfg.py:33: UserWarning: Your configuration file is out of date. Updating...
  warnings.warn("Your configuration file is out of date. Updating...")
/cosma/home/dp004/dc-bian1/.local/lib/python3.7/site-packages/py21cmfast/_cfg.py:50: UserWarning: Your configuration file is out of date. Updating...
  "Your configuration file is out of date. Updating..."
/cosma/home/dp004/dc-bian1/.local/lib/python3.7/site-packages/py21cmfast/_cfg.py:33: UserWarning: Your configuration file is out of date. Updating...
  warnings.warn("Your configuration file is out of date. Updating...")
/cosma/home/dp004/dc-bian1/.local/lib/python3.7/site-packages/py21cmfast/_cfg.py:50: UserWarning: Your configuration file is out of date. Updating...
  "Your configuration file is out of date. Updating..."
/cosma/home/dp004/dc-bian1/.local/lib/python3.7/site-packages/py21cmfast/_cfg.py:33: UserWarning: Your configuration file is out of date. Updating...
  warnings.warn("Your configuration file is out of date. Updating...")
/cosma/home/dp004/dc-bian1/.local/lib/python3.7/site-packages/py21cmfast/_cfg.py:50: UserWarning: Your configuration file is out of date. Updating...
  "Your configuration file is out of date. Updating..."
/cosma/home/dp004/dc-bian1/.local/lib/python3.7/site-packages/py21cmfast/_cfg.py:33: UserWarning: Your configuration file is out of date. Updating...
  warnings.warn("Your configuration file is out of date. Updating...")
