====
Starting job 3856635 at Tue 28 Sep 19:47:24 BST 2021 for user dc-bian1.
Running on nodes: m[6005-6008]
====
/cosma6/data/dp004/dc-bian1/inputs/dataLC_128_valid_060921/
/cosma6/data/dp004/dc-bian1/inputs/dataLC_128_valid_060921/images/
/cosma6/data/dp004/dc-bian1/inputs/dataLC_128_valid_060921/written.txt
/cosma6/data/dp004/dc-bian1/inputs/dataLC_128_valid_060921/parameters/
/cosma6/data/dp004/dc-bian1/inputs/dataLC_128_valid_060921/parameters/astro_params_rank6.txt
/cosma6/data/dp004/dc-bian1/inputs/dataLC_128_valid_060921/parameters/astro_params.txt
/cosma6/data/dp004/dc-bian1/inputs/dataLC_128_valid_060921/parameters/astro_params_rank38.txt
/cosma6/data/dp004/dc-bian1/inputs/dataLC_128_valid_060921/parameters/astro_params_rank35.txt
/cosma6/data/dp004/dc-bian1/inputs/dataLC_128_valid_060921/parameters/astro_params_rank4.txt
/cosma6/data/dp004/dc-bian1/inputs/dataLC_128_valid_060921/parameters/astro_params_rank3.txt
/cosma6/data/dp004/dc-bian1/inputs/dataLC_128_valid_060921/parameters/astro_params_rank32.txt
/cosma6/data/dp004/dc-bian1/inputs/dataLC_128_valid_060921/parameters/astro_params_rank0.txt
/cosma6/data/dp004/dc-bian1/inputs/dataLC_128_valid_060921/parameters/astro_params_rank20.txt
/cosma6/data/dp004/dc-bian1/inputs/dataLC_128_valid_060921/parameters/astro_params_rank9.txt
/cosma6/data/dp004/dc-bian1/inputs/dataLC_128_valid_060921/parameters/astro_params_rank26.txt
/cosma6/data/dp004/dc-bian1/inputs/dataLC_128_valid_060921/parameters/cosm_params.txt
/cosma6/data/dp004/dc-bian1/inputs/dataLC_128_valid_060921/parameters/astro_params_rank2.txt
/cosma6/data/dp004/dc-bian1/inputs/dataLC_128_valid_060921/parameters/astro_params_rank36.txt
/cosma6/data/dp004/dc-bian1/inputs/dataLC_128_valid_060921/parameters/astro_params_rank11.txt
/cosma6/data/dp004/dc-bian1/inputs/dataLC_128_valid_060921/parameters/astro_params_rank13.txt
/cosma6/data/dp004/dc-bian1/inputs/dataLC_128_valid_060921/parameters/astro_params_rank14.txt
/cosma6/data/dp004/dc-bian1/inputs/dataLC_128_valid_060921/parameters/astro_params_rank10.txt
/cosma6/data/dp004/dc-bian1/inputs/dataLC_128_valid_060921/parameters/astro_params_rank37.txt
/cosma6/data/dp004/dc-bian1/inputs/dataLC_128_valid_060921/parameters/astro_params_rank12.txt
/cosma6/data/dp004/dc-bian1/inputs/dataLC_128_valid_060921/parameters/astro_params_rank8.txt
/cosma6/data/dp004/dc-bian1/inputs/dataLC_128_valid_060921/parameters/astro_params_rank7.txt
/cosma6/data/dp004/dc-bian1/inputs/dataLC_128_valid_060921/parameters/astro_params_rank34.txt
/cosma6/data/dp004/dc-bian1/inputs/dataLC_128_valid_060921/parameters/astro_params_rank24.txt
/cosma6/data/dp004/dc-bian1/inputs/dataLC_128_valid_060921/parameters/astro_params_rank19.txt
/cosma6/data/dp004/dc-bian1/inputs/dataLC_128_valid_060921/parameters/astro_params_rank39.txt
/cosma6/data/dp004/dc-bian1/inputs/dataLC_128_valid_060921/parameters/astro_params_rank25.txt
/cosma6/data/dp004/dc-bian1/inputs/dataLC_128_valid_060921/parameters/astro_params_rank18.txt
/cosma6/data/dp004/dc-bian1/inputs/dataLC_128_valid_060921/parameters/astro_params_rank15.txt
/cosma6/data/dp004/dc-bian1/inputs/dataLC_128_valid_060921/parameters/user_params.txt
/cosma6/data/dp004/dc-bian1/inputs/dataLC_128_valid_060921/parameters/astro_params_rank16.txt
/cosma6/data/dp004/dc-bian1/inputs/dataLC_128_valid_060921/parameters/astro_params_rank30.txt
/cosma6/data/dp004/dc-bian1/inputs/dataLC_128_valid_060921/parameters/astro_params_rank21.txt
/cosma6/data/dp004/dc-bian1/inputs/dataLC_128_valid_060921/parameters/astro_params_rank22.txt
/cosma6/data/dp004/dc-bian1/inputs/dataLC_128_valid_060921/parameters/astro_params_rank28.txt
/cosma6/data/dp004/dc-bian1/inputs/dataLC_128_valid_060921/parameters/astro_params_rank27.txt
/cosma6/data/dp004/dc-bian1/inputs/dataLC_128_valid_060921/parameters/astro_params_rank33.txt
/cosma6/data/dp004/dc-bian1/inputs/dataLC_128_valid_060921/parameters/astro_params_rank17.txt
/cosma6/data/dp004/dc-bian1/inputs/dataLC_128_valid_060921/parameters/astro_params_rank1.txt
/cosma6/data/dp004/dc-bian1/inputs/dataLC_128_valid_060921/parameters/astro_params_rank23.txt
/cosma6/data/dp004/dc-bian1/inputs/dataLC_128_valid_060921/parameters/astro_params_rank31.txt
/cosma6/data/dp004/dc-bian1/inputs/dataLC_128_valid_060921/parameters/astro_params_rank5.txt
/cosma6/data/dp004/dc-bian1/inputs/dataLC_128_valid_060921/parameters/astro_params_rank29.txt
/cosma6/data/dp004/dc-bian1/inputs/dataLC_128_valid_060921/lc_redshifts.txt
/cosma6/data/dp004/dc-bian1/inputs/dataLC_128_valid_060921/data/
/cosma6/data/dp004/dc-bian1/inputs/dataLC_128_valid_060921/data/dT3_21cm_i516.bin
/cosma6/data/dp004/dc-bian1/inputs/dataLC_128_valid_060921/data/dT3_21cm_i1486.bin
/cosma6/data/dp004/dc-bian1/inputs/dataLC_128_valid_060921/data/dT3_21cm_i1489.bin
/cosma6/data/dp004/dc-bian1/inputs/dataLC_128_valid_060921/data/dT3_21cm_i1497.bin
/cosma6/data/dp004/dc-bian1/inputs/dataLC_128_valid_060921/data/xH_21cm_i1493.bin
/cosma6/data/dp004/dc-bian1/inputs/dataLC_128_valid_060921/data/xH_21cm_i1489.bin
/cosma6/data/dp004/dc-bian1/inputs/dataLC_128_valid_060921/data/dT3_21cm_i1488.bin
/cosma6/data/dp004/dc-bian1/inputs/dataLC_128_valid_060921/data/dT3_21cm_i1492.bin
/cosma6/data/dp004/dc-bian1/inputs/dataLC_128_valid_060921/data/xH_21cm_i1495.bin
/cosma6/data/dp004/dc-bian1/inputs/dataLC_128_valid_060921/data/xH_21cm_i1491.bin
/cosma6/data/dp004/dc-bian1/inputs/dataLC_128_valid_060921/data/xH_21cm_i1488.bin
/cosma6/data/dp004/dc-bian1/inputs/dataLC_128_valid_060921/data/dT3_21cm_i1487.bin
/cosma6/data/dp004/dc-bian1/inputs/dataLC_128_valid_060921/data/xH_21cm_i1499.bin
/cosma6/data/dp004/dc-bian1/inputs/dataLC_128_valid_060921/data/dT3_21cm_i1496.bin
/cosma6/data/dp004/dc-bian1/inputs/dataLC_128_valid_060921/data/dT3_21cm_i1493.bin
/cosma6/data/dp004/dc-bian1/inputs/dataLC_128_valid_060921/data/xH_21cm_i1494.bin
/cosma6/data/dp004/dc-bian1/inputs/dataLC_128_valid_060921/data/xH_21cm_i1487.bin
/cosma6/data/dp004/dc-bian1/inputs/dataLC_128_valid_060921/data/xH_21cm_i1497.bin
/cosma6/data/dp004/dc-bian1/inputs/dataLC_128_valid_060921/data/dT3_21cm_i1220.bin
/cosma6/data/dp004/dc-bian1/inputs/dataLC_128_valid_060921/data/dT3_21cm_i1494.bin
/cosma6/data/dp004/dc-bian1/inputs/dataLC_128_valid_060921/data/dT3_21cm_i1491.bin
/cosma6/data/dp004/dc-bian1/inputs/dataLC_128_valid_060921/data/xH_21cm_i1485.bin
/cosma6/data/dp004/dc-bian1/inputs/dataLC_128_valid_060921/data/xH_21cm_i1490.bin
/cosma6/data/dp004/dc-bian1/inputs/dataLC_128_valid_060921/data/dT3_21cm_i517.bin
/cosma6/data/dp004/dc-bian1/inputs/dataLC_128_valid_060921/data/dT3_21cm_i1498.bin
/cosma6/data/dp004/dc-bian1/inputs/dataLC_128_valid_060921/data/xH_21cm_i1220.bin
/cosma6/data/dp004/dc-bian1/inputs/dataLC_128_valid_060921/data/xH_21cm_i516.bin
/cosma6/data/dp004/dc-bian1/inputs/dataLC_128_valid_060921/data/dT3_21cm_i1499.bin
/cosma6/data/dp004/dc-bian1/inputs/dataLC_128_valid_060921/data/dT3_21cm_i1495.bin
/cosma6/data/dp004/dc-bian1/inputs/dataLC_128_valid_060921/data/dT3_21cm_i1490.bin
/cosma6/data/dp004/dc-bian1/inputs/dataLC_128_valid_060921/data/xH_21cm_i1293.bin
/cosma6/data/dp004/dc-bian1/inputs/dataLC_128_valid_060921/data/dT3_21cm_i1294.bin
/cosma6/data/dp004/dc-bian1/inputs/dataLC_128_valid_060921/data/xH_21cm_i1496.bin
/cosma6/data/dp004/dc-bian1/inputs/dataLC_128_valid_060921/data/xH_21cm_i1492.bin
/cosma6/data/dp004/dc-bian1/inputs/dataLC_128_valid_060921/data/xH_21cm_i517.bin
/cosma6/data/dp004/dc-bian1/inputs/dataLC_128_valid_060921/data/xH_21cm_i1486.bin
/cosma6/data/dp004/dc-bian1/inputs/dataLC_128_valid_060921/data/dT3_21cm_i1485.bin
/cosma6/data/dp004/dc-bian1/inputs/dataLC_128_valid_060921/data/dT3_21cm_i1293.bin
/cosma6/data/dp004/dc-bian1/inputs/dataLC_128_valid_060921/data/xH_21cm_i1294.bin
/cosma6/data/dp004/dc-bian1/inputs/dataLC_128_valid_060921/data/xH_21cm_i1498.bin
 Starting rank 3 at: 19:47:30
 Rank=3 resumes itration from i=147.
 Processors repartition:
 rank 3	148	148
... rank 3 done at 19:50:20.
 Starting rank 0 at: 19:47:30
 Rank=0 resumes itration from i=36.
 Processors repartition:
 rank 0	37	37
 Gather done:	19:47:30

... rank 0 done at 19:50:20.
 Starting rank 2 at: 19:47:30
 Rank=2 resumes itration from i=110.
 Processors repartition:
 rank 2	111	111
... rank 2 done at 19:50:20.
 Starting rank 1 at: 19:47:30
 Rank=1 resumes itration from i=73.
 Processors repartition:
 rank 1	74	74
... rank 1 done at 19:50:20.
 Starting rank 4 at: 19:47:30
 Rank=4 resumes itration from i=184.
 Processors repartition:
 rank 4	185	185
... rank 4 done at 19:50:20.
 Starting rank 6 at: 19:47:30
 Rank=6 resumes itration from i=258.
 Processors repartition:
 rank 6	259	259
... rank 6 done at 19:50:20.
 Starting rank 5 at: 19:47:30
 Rank=5 resumes itration from i=221.
 Processors repartition:
 rank 5	222	222
... rank 5 done at 19:50:20.
 Starting rank 7 at: 19:47:30
 Rank=7 resumes itration from i=295.
 Processors repartition:
 rank 7	296	296
... rank 7 done at 19:50:20.
 Starting rank 8 at: 19:47:30
 Rank=8 resumes itration from i=332.
 Processors repartition:
 rank 8	333	333
... rank 8 done at 19:50:20.
 Starting rank 9 at: 19:47:30
 Rank=9 resumes itration from i=369.
 Processors repartition:
 rank 9	370	370
... rank 9 done at 19:50:20.
 Starting rank 13 at: 19:47:30
 Rank=13 resumes itration from i=517.
 Processors repartition:
 rank 13	518	518
... rank 13 done at 19:50:20.
 Starting rank 14 at: 19:47:30
 Rank=14 resumes itration from i=554.
 Processors repartition:
 rank 14	555	555
... rank 14 done at 19:50:20.
 Starting rank 18 at: 19:47:30
 Rank=18 resumes itration from i=702.
 Processors repartition:
 rank 18	703	703
... rank 18 done at 19:50:20.
 Starting rank 16 at: 19:47:30
 Rank=16 resumes itration from i=628.
 Processors repartition:
 rank 16	629	629
... rank 16 done at 19:50:20.
 Starting rank 19 at: 19:47:30
 Rank=19 resumes itration from i=739.
 Processors repartition:
 rank 19	740	740
... rank 19 done at 19:50:20.
 Starting rank 12 at: 19:47:30
 Rank=12 resumes itration from i=480.
 Processors repartition:
 rank 12	481	481
... rank 12 done at 19:50:20.
 Starting rank 30 at: 19:47:30
 Rank=30 resumes itration from i=1146.
 Processors repartition:
 rank 30	1147	1147
... rank 30 done at 19:50:20.
 Starting rank 15 at: 19:47:30
 Rank=15 resumes itration from i=591.
 Processors repartition:
 rank 15	592	592
... rank 15 done at 19:50:20.
 Starting rank 32 at: 19:47:30
 Rank=32 resumes itration from i=1220.
 Processors repartition:
 rank 32	1221	1221
... rank 32 done at 19:50:20.
 Starting rank 17 at: 19:47:30
 Rank=17 resumes itration from i=665.
 Processors repartition:
 rank 17	666	666
... rank 17 done at 19:50:20.
 Starting rank 34 at: 19:47:30
 Rank=34 resumes itration from i=1294.
 Processors repartition:
 rank 34	1295	1295
... rank 34 done at 19:50:20.
 Starting rank 11 at: 19:47:30
 Rank=11 resumes itration from i=443.
 Processors repartition:
 rank 11	444	444
... rank 11 done at 19:50:20.
 Starting rank 21 at: 19:47:30
 Rank=21 resumes itration from i=813.
 Processors repartition:
 rank 21	814	814
... rank 21 done at 19:50:20.
 Starting rank 31 at: 19:47:30
 Rank=31 resumes itration from i=1183.
 Processors repartition:
 rank 31	1184	1184
... rank 31 done at 19:50:20.
 Starting rank 10 at: 19:47:30
 Rank=10 resumes itration from i=406.
 Processors repartition:
 rank 10	407	407
... rank 10 done at 19:50:20.
 Starting rank 26 at: 19:47:30
 Rank=26 resumes itration from i=998.
 Processors repartition:
 rank 26	999	999
... rank 26 done at 19:50:20.
 Starting rank 29 at: 19:47:30
 Rank=29 resumes itration from i=1109.
 Processors repartition:
 rank 29	1110	1110
... rank 29 done at 19:50:20.
 Starting rank 35 at: 19:47:30
 Rank=35 resumes itration from i=1331.
 Processors repartition:
 rank 35	1332	1332
... rank 35 done at 19:50:20.
 Starting rank 20 at: 19:47:30
 Rank=20 resumes itration from i=776.
 Processors repartition:
 rank 20	777	777
... rank 20 done at 19:50:20.
 Starting rank 37 at: 19:47:30
 Rank=37 resumes itration from i=1405.
 Processors repartition:
 rank 37	1406	1406
... rank 37 done at 19:50:20.
 Starting rank 36 at: 19:47:30
 Rank=36 resumes itration from i=1368.
 Processors repartition:
 rank 36	1369	1369
... rank 36 done at 19:50:20.
 Starting rank 25 at: 19:47:30
 Rank=25 resumes itration from i=961.
 Processors repartition:
 rank 25	962	962
... rank 25 done at 19:50:20.
 Starting rank 24 at: 19:47:30
 Rank=24 resumes itration from i=924.
 Processors repartition:
 rank 24	925	925
... rank 24 done at 19:50:20.
 Starting rank 39 at: 19:47:30
 Rank=39 resumes itration from i=1499.
 Processors repartition:
 rank 39	1500	1500
... rank 39 done at 19:50:20.
 Starting rank 38 at: 19:47:30
 Rank=38 resumes itration from i=1442.
 Processors repartition:
 rank 38	1443	1443
... rank 38 done at 19:50:20.
 Starting rank 28 at: 19:47:30
 Rank=28 resumes itration from i=1072.
 Processors repartition:
 rank 28	1073	1073
... rank 28 done at 19:50:20.
 Starting rank 27 at: 19:47:30
 Rank=27 resumes itration from i=1035.
 Processors repartition:
 rank 27	1036	1036
... rank 27 done at 19:50:20.
 Starting rank 33 at: 19:47:30
 Rank=33 resumes itration from i=1257.
 Processors repartition:
 rank 33	1258	1258
... rank 33 done at 19:50:20.
 Starting rank 22 at: 19:47:30
 Rank=22 resumes itration from i=850.
 Processors repartition:
 rank 22	851	851
... rank 22 done at 19:50:20.
 Starting rank 23 at: 19:47:30
 Rank=23 resumes itration from i=887.
 Processors repartition:
 rank 23	888	888
... rank 23 done at 19:50:20.
