	Python 3.8.6 is now loaded in your environment.

	CUDA-10.1 loaded

	Python 3.8.6 is now loaded in your environment.

	CUDA-10.1 loaded

	TensorFlow-2.3.1 with Python3 loaded.

2021-11-04 12:18:13.141983: I tensorflow/stream_executor/platform/default/dso_loader.cc:48] Successfully opened dynamic library libcudart.so.10.1
2021-11-04 12:18:54.073072: I tensorflow/stream_executor/platform/default/dso_loader.cc:48] Successfully opened dynamic library libcuda.so.1
2021-11-04 12:18:54.447456: I tensorflow/core/common_runtime/gpu/gpu_device.cc:1716] Found device 0 with properties: 
pciBusID: 0000:06:00.0 name: Tesla V100-SXM2-32GB-LS computeCapability: 7.0
coreClock: 1.44GHz coreCount: 80 deviceMemorySize: 31.75GiB deviceMemoryBandwidth: 772.48GiB/s
2021-11-04 12:18:54.450482: I tensorflow/core/common_runtime/gpu/gpu_device.cc:1716] Found device 1 with properties: 
pciBusID: 0000:07:00.0 name: Tesla V100-SXM2-32GB-LS computeCapability: 7.0
coreClock: 1.44GHz coreCount: 80 deviceMemorySize: 31.75GiB deviceMemoryBandwidth: 772.48GiB/s
2021-11-04 12:18:54.453656: I tensorflow/core/common_runtime/gpu/gpu_device.cc:1716] Found device 2 with properties: 
pciBusID: 0000:0a:00.0 name: Tesla V100-SXM2-32GB-LS computeCapability: 7.0
coreClock: 1.44GHz coreCount: 80 deviceMemorySize: 31.75GiB deviceMemoryBandwidth: 772.48GiB/s
2021-11-04 12:18:54.456672: I tensorflow/core/common_runtime/gpu/gpu_device.cc:1716] Found device 3 with properties: 
pciBusID: 0000:0b:00.0 name: Tesla V100-SXM2-32GB-LS computeCapability: 7.0
coreClock: 1.44GHz coreCount: 80 deviceMemorySize: 31.75GiB deviceMemoryBandwidth: 772.48GiB/s
2021-11-04 12:18:54.459806: I tensorflow/core/common_runtime/gpu/gpu_device.cc:1716] Found device 4 with properties: 
pciBusID: 0000:85:00.0 name: Tesla V100-SXM2-32GB-LS computeCapability: 7.0
coreClock: 1.44GHz coreCount: 80 deviceMemorySize: 31.75GiB deviceMemoryBandwidth: 772.48GiB/s
2021-11-04 12:18:54.462795: I tensorflow/core/common_runtime/gpu/gpu_device.cc:1716] Found device 5 with properties: 
pciBusID: 0000:86:00.0 name: Tesla V100-SXM2-32GB-LS computeCapability: 7.0
coreClock: 1.44GHz coreCount: 80 deviceMemorySize: 31.75GiB deviceMemoryBandwidth: 772.48GiB/s
2021-11-04 12:18:54.465736: I tensorflow/core/common_runtime/gpu/gpu_device.cc:1716] Found device 6 with properties: 
pciBusID: 0000:89:00.0 name: Tesla V100-SXM2-32GB-LS computeCapability: 7.0
coreClock: 1.44GHz coreCount: 80 deviceMemorySize: 31.75GiB deviceMemoryBandwidth: 772.48GiB/s
2021-11-04 12:18:54.468432: I tensorflow/core/common_runtime/gpu/gpu_device.cc:1716] Found device 7 with properties: 
pciBusID: 0000:8a:00.0 name: Tesla V100-SXM2-32GB-LS computeCapability: 7.0
coreClock: 1.44GHz coreCount: 80 deviceMemorySize: 31.75GiB deviceMemoryBandwidth: 772.48GiB/s
2021-11-04 12:18:54.468471: I tensorflow/stream_executor/platform/default/dso_loader.cc:48] Successfully opened dynamic library libcudart.so.10.1
2021-11-04 12:18:55.614241: I tensorflow/stream_executor/platform/default/dso_loader.cc:48] Successfully opened dynamic library libcublas.so.10
2021-11-04 12:18:55.832776: I tensorflow/stream_executor/platform/default/dso_loader.cc:48] Successfully opened dynamic library libcufft.so.10
2021-11-04 12:18:56.175632: I tensorflow/stream_executor/platform/default/dso_loader.cc:48] Successfully opened dynamic library libcurand.so.10
2021-11-04 12:18:57.018493: I tensorflow/stream_executor/platform/default/dso_loader.cc:48] Successfully opened dynamic library libcusolver.so.10
2021-11-04 12:18:57.609139: I tensorflow/stream_executor/platform/default/dso_loader.cc:48] Successfully opened dynamic library libcusparse.so.10
2021-11-04 12:18:58.821354: I tensorflow/stream_executor/platform/default/dso_loader.cc:48] Successfully opened dynamic library libcudnn.so.7
2021-11-04 12:18:58.849659: I tensorflow/core/common_runtime/gpu/gpu_device.cc:1858] Adding visible gpu devices: 0, 1, 2, 3, 4, 5, 6, 7
2021-11-04 12:18:58.882153: I tensorflow/core/platform/cpu_feature_guard.cc:142] This TensorFlow binary is optimized with oneAPI Deep Neural Network Library (oneDNN)to use the following CPU instructions in performance-critical operations:  AVX2 FMA
To enable them in other operations, rebuild TensorFlow with the appropriate compiler flags.
2021-11-04 12:18:59.407428: I tensorflow/core/platform/profile_utils/cpu_utils.cc:104] CPU Frequency: 2194970000 Hz
2021-11-04 12:18:59.416375: I tensorflow/compiler/xla/service/service.cc:168] XLA service 0x591b2d0 initialized for platform Host (this does not guarantee that XLA will be used). Devices:
2021-11-04 12:18:59.416438: I tensorflow/compiler/xla/service/service.cc:176]   StreamExecutor device (0): Host, Default Version
2021-11-04 12:19:11.517256: I tensorflow/compiler/xla/service/service.cc:168] XLA service 0x59bbf40 initialized for platform CUDA (this does not guarantee that XLA will be used). Devices:
2021-11-04 12:19:11.517359: I tensorflow/compiler/xla/service/service.cc:176]   StreamExecutor device (0): Tesla V100-SXM2-32GB-LS, Compute Capability 7.0
2021-11-04 12:19:11.517375: I tensorflow/compiler/xla/service/service.cc:176]   StreamExecutor device (1): Tesla V100-SXM2-32GB-LS, Compute Capability 7.0
2021-11-04 12:19:11.517385: I tensorflow/compiler/xla/service/service.cc:176]   StreamExecutor device (2): Tesla V100-SXM2-32GB-LS, Compute Capability 7.0
2021-11-04 12:19:11.517393: I tensorflow/compiler/xla/service/service.cc:176]   StreamExecutor device (3): Tesla V100-SXM2-32GB-LS, Compute Capability 7.0
2021-11-04 12:19:11.517402: I tensorflow/compiler/xla/service/service.cc:176]   StreamExecutor device (4): Tesla V100-SXM2-32GB-LS, Compute Capability 7.0
2021-11-04 12:19:11.517411: I tensorflow/compiler/xla/service/service.cc:176]   StreamExecutor device (5): Tesla V100-SXM2-32GB-LS, Compute Capability 7.0
2021-11-04 12:19:11.517419: I tensorflow/compiler/xla/service/service.cc:176]   StreamExecutor device (6): Tesla V100-SXM2-32GB-LS, Compute Capability 7.0
2021-11-04 12:19:11.517427: I tensorflow/compiler/xla/service/service.cc:176]   StreamExecutor device (7): Tesla V100-SXM2-32GB-LS, Compute Capability 7.0
2021-11-04 12:19:11.590708: I tensorflow/core/common_runtime/gpu/gpu_device.cc:1716] Found device 0 with properties: 
pciBusID: 0000:06:00.0 name: Tesla V100-SXM2-32GB-LS computeCapability: 7.0
coreClock: 1.44GHz coreCount: 80 deviceMemorySize: 31.75GiB deviceMemoryBandwidth: 772.48GiB/s
2021-11-04 12:19:11.592461: I tensorflow/core/common_runtime/gpu/gpu_device.cc:1716] Found device 1 with properties: 
pciBusID: 0000:07:00.0 name: Tesla V100-SXM2-32GB-LS computeCapability: 7.0
coreClock: 1.44GHz coreCount: 80 deviceMemorySize: 31.75GiB deviceMemoryBandwidth: 772.48GiB/s
2021-11-04 12:19:11.594217: I tensorflow/core/common_runtime/gpu/gpu_device.cc:1716] Found device 2 with properties: 
pciBusID: 0000:0a:00.0 name: Tesla V100-SXM2-32GB-LS computeCapability: 7.0
coreClock: 1.44GHz coreCount: 80 deviceMemorySize: 31.75GiB deviceMemoryBandwidth: 772.48GiB/s
2021-11-04 12:19:11.595927: I tensorflow/core/common_runtime/gpu/gpu_device.cc:1716] Found device 3 with properties: 
pciBusID: 0000:0b:00.0 name: Tesla V100-SXM2-32GB-LS computeCapability: 7.0
coreClock: 1.44GHz coreCount: 80 deviceMemorySize: 31.75GiB deviceMemoryBandwidth: 772.48GiB/s
2021-11-04 12:19:11.597667: I tensorflow/core/common_runtime/gpu/gpu_device.cc:1716] Found device 4 with properties: 
pciBusID: 0000:85:00.0 name: Tesla V100-SXM2-32GB-LS computeCapability: 7.0
coreClock: 1.44GHz coreCount: 80 deviceMemorySize: 31.75GiB deviceMemoryBandwidth: 772.48GiB/s
2021-11-04 12:19:11.599381: I tensorflow/core/common_runtime/gpu/gpu_device.cc:1716] Found device 5 with properties: 
pciBusID: 0000:86:00.0 name: Tesla V100-SXM2-32GB-LS computeCapability: 7.0
coreClock: 1.44GHz coreCount: 80 deviceMemorySize: 31.75GiB deviceMemoryBandwidth: 772.48GiB/s
2021-11-04 12:19:11.601103: I tensorflow/core/common_runtime/gpu/gpu_device.cc:1716] Found device 6 with properties: 
pciBusID: 0000:89:00.0 name: Tesla V100-SXM2-32GB-LS computeCapability: 7.0
coreClock: 1.44GHz coreCount: 80 deviceMemorySize: 31.75GiB deviceMemoryBandwidth: 772.48GiB/s
2021-11-04 12:19:11.602839: I tensorflow/core/common_runtime/gpu/gpu_device.cc:1716] Found device 7 with properties: 
pciBusID: 0000:8a:00.0 name: Tesla V100-SXM2-32GB-LS computeCapability: 7.0
coreClock: 1.44GHz coreCount: 80 deviceMemorySize: 31.75GiB deviceMemoryBandwidth: 772.48GiB/s
2021-11-04 12:19:11.602902: I tensorflow/stream_executor/platform/default/dso_loader.cc:48] Successfully opened dynamic library libcudart.so.10.1
2021-11-04 12:19:11.602982: I tensorflow/stream_executor/platform/default/dso_loader.cc:48] Successfully opened dynamic library libcublas.so.10
2021-11-04 12:19:11.603021: I tensorflow/stream_executor/platform/default/dso_loader.cc:48] Successfully opened dynamic library libcufft.so.10
2021-11-04 12:19:11.603094: I tensorflow/stream_executor/platform/default/dso_loader.cc:48] Successfully opened dynamic library libcurand.so.10
2021-11-04 12:19:11.603145: I tensorflow/stream_executor/platform/default/dso_loader.cc:48] Successfully opened dynamic library libcusolver.so.10
2021-11-04 12:19:11.603190: I tensorflow/stream_executor/platform/default/dso_loader.cc:48] Successfully opened dynamic library libcusparse.so.10
2021-11-04 12:19:11.603237: I tensorflow/stream_executor/platform/default/dso_loader.cc:48] Successfully opened dynamic library libcudnn.so.7
2021-11-04 12:19:11.643803: I tensorflow/core/common_runtime/gpu/gpu_device.cc:1858] Adding visible gpu devices: 0, 1, 2, 3, 4, 5, 6, 7
2021-11-04 12:19:11.671976: I tensorflow/stream_executor/platform/default/dso_loader.cc:48] Successfully opened dynamic library libcudart.so.10.1
2021-11-04 12:19:21.084863: I tensorflow/core/common_runtime/gpu/gpu_device.cc:1257] Device interconnect StreamExecutor with strength 1 edge matrix:
2021-11-04 12:19:21.084977: I tensorflow/core/common_runtime/gpu/gpu_device.cc:1263]      0 1 2 3 4 5 6 7 
2021-11-04 12:19:21.084998: I tensorflow/core/common_runtime/gpu/gpu_device.cc:1276] 0:   N Y Y Y Y N N N 
2021-11-04 12:19:21.085010: I tensorflow/core/common_runtime/gpu/gpu_device.cc:1276] 1:   Y N Y Y N Y N N 
2021-11-04 12:19:21.085019: I tensorflow/core/common_runtime/gpu/gpu_device.cc:1276] 2:   Y Y N Y N N Y N 
2021-11-04 12:19:21.085029: I tensorflow/core/common_runtime/gpu/gpu_device.cc:1276] 3:   Y Y Y N N N N Y 
2021-11-04 12:19:21.085038: I tensorflow/core/common_runtime/gpu/gpu_device.cc:1276] 4:   Y N N N N Y Y Y 
2021-11-04 12:19:21.085055: I tensorflow/core/common_runtime/gpu/gpu_device.cc:1276] 5:   N Y N N Y N Y Y 
2021-11-04 12:19:21.085067: I tensorflow/core/common_runtime/gpu/gpu_device.cc:1276] 6:   N N Y N Y Y N Y 
2021-11-04 12:19:21.085077: I tensorflow/core/common_runtime/gpu/gpu_device.cc:1276] 7:   N N N Y Y Y Y N 
2021-11-04 12:19:21.149614: I tensorflow/core/common_runtime/gpu/gpu_device.cc:1402] Created TensorFlow device (/job:localhost/replica:0/task:0/device:GPU:0 with 30130 MB memory) -> physical GPU (device: 0, name: Tesla V100-SXM2-32GB-LS, pci bus id: 0000:06:00.0, compute capability: 7.0)
2021-11-04 12:19:21.166380: I tensorflow/core/common_runtime/gpu/gpu_device.cc:1402] Created TensorFlow device (/job:localhost/replica:0/task:0/device:GPU:1 with 30130 MB memory) -> physical GPU (device: 1, name: Tesla V100-SXM2-32GB-LS, pci bus id: 0000:07:00.0, compute capability: 7.0)
2021-11-04 12:19:21.168338: I tensorflow/core/common_runtime/gpu/gpu_device.cc:1402] Created TensorFlow device (/job:localhost/replica:0/task:0/device:GPU:2 with 30130 MB memory) -> physical GPU (device: 2, name: Tesla V100-SXM2-32GB-LS, pci bus id: 0000:0a:00.0, compute capability: 7.0)
2021-11-04 12:19:21.170281: I tensorflow/core/common_runtime/gpu/gpu_device.cc:1402] Created TensorFlow device (/job:localhost/replica:0/task:0/device:GPU:3 with 30130 MB memory) -> physical GPU (device: 3, name: Tesla V100-SXM2-32GB-LS, pci bus id: 0000:0b:00.0, compute capability: 7.0)
2021-11-04 12:19:21.172207: I tensorflow/core/common_runtime/gpu/gpu_device.cc:1402] Created TensorFlow device (/job:localhost/replica:0/task:0/device:GPU:4 with 30130 MB memory) -> physical GPU (device: 4, name: Tesla V100-SXM2-32GB-LS, pci bus id: 0000:85:00.0, compute capability: 7.0)
2021-11-04 12:19:21.174117: I tensorflow/core/common_runtime/gpu/gpu_device.cc:1402] Created TensorFlow device (/job:localhost/replica:0/task:0/device:GPU:5 with 30130 MB memory) -> physical GPU (device: 5, name: Tesla V100-SXM2-32GB-LS, pci bus id: 0000:86:00.0, compute capability: 7.0)
2021-11-04 12:19:21.176039: I tensorflow/core/common_runtime/gpu/gpu_device.cc:1402] Created TensorFlow device (/job:localhost/replica:0/task:0/device:GPU:6 with 30130 MB memory) -> physical GPU (device: 6, name: Tesla V100-SXM2-32GB-LS, pci bus id: 0000:89:00.0, compute capability: 7.0)
2021-11-04 12:19:21.177934: I tensorflow/core/common_runtime/gpu/gpu_device.cc:1402] Created TensorFlow device (/job:localhost/replica:0/task:0/device:GPU:7 with 30130 MB memory) -> physical GPU (device: 7, name: Tesla V100-SXM2-32GB-LS, pci bus id: 0000:8a:00.0, compute capability: 7.0)
2021-11-04 12:19:53.452641: I tensorflow/stream_executor/platform/default/dso_loader.cc:48] Successfully opened dynamic library libcudnn.so.7
2021-11-04 12:20:00.392999: I tensorflow/stream_executor/platform/default/dso_loader.cc:48] Successfully opened dynamic library libcublas.so.10
slurmstepd: error: *** JOB 161327 ON dgk213 CANCELLED AT 2021-11-04T22:50:09 ***
