2022-09-24 12:49:46.186235: I tensorflow/stream_executor/platform/default/dso_loader.cc:49] Successfully opened dynamic library libcudart.so.11.0
cp: '/scratch/snx3000/mibianco/output_segunet/outputs/test23-09T19-45-35_128slice/net_Unet_lc.ini' and '/scratch/snx3000/mibianco/output_segunet/outputs/test23-09T19-45-35_128slice/net_Unet_lc.ini' are the same file
2022-09-24 12:51:02.150724: I tensorflow/compiler/jit/xla_cpu_device.cc:41] Not creating XLA devices, tf_xla_enable_xla_devices not set
2022-09-24 12:51:02.154819: I tensorflow/stream_executor/platform/default/dso_loader.cc:49] Successfully opened dynamic library libcuda.so.1
2022-09-24 12:51:02.185060: I tensorflow/core/common_runtime/gpu/gpu_device.cc:1720] Found device 0 with properties: 
pciBusID: 0000:02:00.0 name: Tesla P100-PCIE-16GB computeCapability: 6.0
coreClock: 1.3285GHz coreCount: 56 deviceMemorySize: 15.90GiB deviceMemoryBandwidth: 681.88GiB/s
2022-09-24 12:51:02.185214: I tensorflow/stream_executor/platform/default/dso_loader.cc:49] Successfully opened dynamic library libcudart.so.11.0
2022-09-24 12:51:02.208748: I tensorflow/stream_executor/platform/default/dso_loader.cc:49] Successfully opened dynamic library libcublas.so.11
2022-09-24 12:51:02.209037: I tensorflow/stream_executor/platform/default/dso_loader.cc:49] Successfully opened dynamic library libcublasLt.so.11
2022-09-24 12:51:02.219875: I tensorflow/stream_executor/platform/default/dso_loader.cc:49] Successfully opened dynamic library libcufft.so.10
2022-09-24 12:51:02.228800: I tensorflow/stream_executor/platform/default/dso_loader.cc:49] Successfully opened dynamic library libcurand.so.10
2022-09-24 12:51:02.244528: I tensorflow/stream_executor/platform/default/dso_loader.cc:49] Successfully opened dynamic library libcusolver.so.10
2022-09-24 12:51:02.252784: I tensorflow/stream_executor/platform/default/dso_loader.cc:49] Successfully opened dynamic library libcusparse.so.11
2022-09-24 12:51:02.256098: I tensorflow/stream_executor/platform/default/dso_loader.cc:49] Successfully opened dynamic library libcudnn.so.8
2022-09-24 12:51:02.257883: I tensorflow/core/common_runtime/gpu/gpu_device.cc:1862] Adding visible gpu devices: 0
2022-09-24 12:51:02.260178: I tensorflow/compiler/jit/xla_gpu_device.cc:99] Not creating XLA devices, tf_xla_enable_xla_devices not set
2022-09-24 12:51:02.261244: I tensorflow/core/common_runtime/gpu/gpu_device.cc:1720] Found device 0 with properties: 
pciBusID: 0000:02:00.0 name: Tesla P100-PCIE-16GB computeCapability: 6.0
coreClock: 1.3285GHz coreCount: 56 deviceMemorySize: 15.90GiB deviceMemoryBandwidth: 681.88GiB/s
2022-09-24 12:51:02.261449: I tensorflow/stream_executor/platform/default/dso_loader.cc:49] Successfully opened dynamic library libcudart.so.11.0
2022-09-24 12:51:02.261635: I tensorflow/stream_executor/platform/default/dso_loader.cc:49] Successfully opened dynamic library libcublas.so.11
2022-09-24 12:51:02.261775: I tensorflow/stream_executor/platform/default/dso_loader.cc:49] Successfully opened dynamic library libcublasLt.so.11
2022-09-24 12:51:02.261963: I tensorflow/stream_executor/platform/default/dso_loader.cc:49] Successfully opened dynamic library libcufft.so.10
2022-09-24 12:51:02.262094: I tensorflow/stream_executor/platform/default/dso_loader.cc:49] Successfully opened dynamic library libcurand.so.10
2022-09-24 12:51:02.262269: I tensorflow/stream_executor/platform/default/dso_loader.cc:49] Successfully opened dynamic library libcusolver.so.10
2022-09-24 12:51:02.262450: I tensorflow/stream_executor/platform/default/dso_loader.cc:49] Successfully opened dynamic library libcusparse.so.11
2022-09-24 12:51:02.262621: I tensorflow/stream_executor/platform/default/dso_loader.cc:49] Successfully opened dynamic library libcudnn.so.8
2022-09-24 12:51:02.264339: I tensorflow/core/common_runtime/gpu/gpu_device.cc:1862] Adding visible gpu devices: 0
2022-09-24 12:51:02.264660: I tensorflow/stream_executor/platform/default/dso_loader.cc:49] Successfully opened dynamic library libcudart.so.11.0
2022-09-24 12:51:02.765080: I tensorflow/core/common_runtime/gpu/gpu_device.cc:1261] Device interconnect StreamExecutor with strength 1 edge matrix:
2022-09-24 12:51:02.765246: I tensorflow/core/common_runtime/gpu/gpu_device.cc:1267]      0 
2022-09-24 12:51:02.765376: I tensorflow/core/common_runtime/gpu/gpu_device.cc:1280] 0:   N 
2022-09-24 12:51:02.768039: I tensorflow/core/common_runtime/gpu/gpu_device.cc:1406] Created TensorFlow device (/job:localhost/replica:0/task:0/device:GPU:0 with 14975 MB memory) -> physical GPU (device: 0, name: Tesla P100-PCIE-16GB, pci bus id: 0000:02:00.0, compute capability: 6.0)
2022-09-24 12:51:02.924712: W tensorflow/core/grappler/optimizers/data/auto_shard.cc:656] In AUTO-mode, and switching to DATA-based sharding, instead of FILE-based sharding as we cannot find appropriate reader dataset op(s) to shard. Error: Did not find a shardable source, walked to a node which is not a dataset: name: "FlatMapDataset/_2"
op: "FlatMapDataset"
input: "TensorDataset/_1"
attr {
  key: "Targuments"
  value {
    list {
    }
  }
}
attr {
  key: "f"
  value {
    func {
      name: "__inference_Dataset_flat_map_flat_map_fn_24"
    }
  }
}
attr {
  key: "output_shapes"
  value {
    list {
      shape {
        dim {
          size: -1
        }
        dim {
          size: -1
        }
        dim {
          size: -1
        }
        dim {
          size: -1
        }
      }
      shape {
        dim {
          size: -1
        }
        dim {
          size: -1
        }
        dim {
          size: -1
        }
        dim {
          size: -1
        }
      }
    }
  }
}
attr {
  key: "output_types"
  value {
    list {
      type: DT_FLOAT
      type: DT_FLOAT
    }
  }
}
. Consider either turning off auto-sharding or switching the auto_shard_policy to DATA to shard this dataset. You can do this by creating a new `tf.data.Options()` object then setting `options.experimental_distribute.auto_shard_policy = AutoShardPolicy.DATA` before applying the options object to the dataset via `dataset.with_options(options)`.
2022-09-24 12:51:02.937596: W tensorflow/core/grappler/optimizers/data/auto_shard.cc:656] In AUTO-mode, and switching to DATA-based sharding, instead of FILE-based sharding as we cannot find appropriate reader dataset op(s) to shard. Error: Did not find a shardable source, walked to a node which is not a dataset: name: "FlatMapDataset/_2"
op: "FlatMapDataset"
input: "TensorDataset/_1"
attr {
  key: "Targuments"
  value {
    list {
    }
  }
}
attr {
  key: "f"
  value {
    func {
      name: "__inference_Dataset_flat_map_flat_map_fn_49"
    }
  }
}
attr {
  key: "output_shapes"
  value {
    list {
      shape {
        dim {
          size: -1
        }
        dim {
          size: -1
        }
        dim {
          size: -1
        }
        dim {
          size: -1
        }
      }
      shape {
        dim {
          size: -1
        }
        dim {
          size: -1
        }
        dim {
          size: -1
        }
        dim {
          size: -1
        }
      }
    }
  }
}
attr {
  key: "output_types"
  value {
    list {
      type: DT_FLOAT
      type: DT_FLOAT
    }
  }
}
. Consider either turning off auto-sharding or switching the auto_shard_policy to DATA to shard this dataset. You can do this by creating a new `tf.data.Options()` object then setting `options.experimental_distribute.auto_shard_policy = AutoShardPolicy.DATA` before applying the options object to the dataset via `dataset.with_options(options)`.
2022-09-24 12:51:18.675653: I tensorflow/compiler/mlir/mlir_graph_optimization_pass.cc:116] None of the MLIR optimization passes are enabled (registered 2)
2022-09-24 12:51:18.695813: I tensorflow/core/platform/profile_utils/cpu_utils.cc:112] CPU Frequency: 2600170000 Hz
WARNING:tensorflow:multiprocessing can interact badly with TensorFlow, causing nondeterministic deadlocks. For high performance data pipelines tf.data is recommended.
2022-09-24 12:52:04.639031: I tensorflow/stream_executor/platform/default/dso_loader.cc:49] Successfully opened dynamic library libcudnn.so.8
2022-09-24 12:52:06.664271: I tensorflow/stream_executor/platform/default/dso_loader.cc:49] Successfully opened dynamic library libcublas.so.11
2022-09-24 12:52:07.042816: I tensorflow/stream_executor/platform/default/dso_loader.cc:49] Successfully opened dynamic library libcublasLt.so.11
WARNING:tensorflow:multiprocessing can interact badly with TensorFlow, causing nondeterministic deadlocks. For high performance data pipelines tf.data is recommended.
WARNING:tensorflow:multiprocessing can interact badly with TensorFlow, causing nondeterministic deadlocks. For high performance data pipelines tf.data is recommended.
WARNING:tensorflow:multiprocessing can interact badly with TensorFlow, causing nondeterministic deadlocks. For high performance data pipelines tf.data is recommended.
2022-09-24 13:03:00.552732: W tensorflow/python/util/util.cc:348] Sets are not currently considered sequences, but this may change in the future, so consider avoiding using them.
WARNING:tensorflow:multiprocessing can interact badly with TensorFlow, causing nondeterministic deadlocks. For high performance data pipelines tf.data is recommended.
WARNING:tensorflow:multiprocessing can interact badly with TensorFlow, causing nondeterministic deadlocks. For high performance data pipelines tf.data is recommended.
WARNING:tensorflow:multiprocessing can interact badly with TensorFlow, causing nondeterministic deadlocks. For high performance data pipelines tf.data is recommended.
WARNING:tensorflow:multiprocessing can interact badly with TensorFlow, causing nondeterministic deadlocks. For high performance data pipelines tf.data is recommended.
WARNING:tensorflow:multiprocessing can interact badly with TensorFlow, causing nondeterministic deadlocks. For high performance data pipelines tf.data is recommended.
WARNING:tensorflow:multiprocessing can interact badly with TensorFlow, causing nondeterministic deadlocks. For high performance data pipelines tf.data is recommended.
WARNING:tensorflow:multiprocessing can interact badly with TensorFlow, causing nondeterministic deadlocks. For high performance data pipelines tf.data is recommended.
WARNING:tensorflow:multiprocessing can interact badly with TensorFlow, causing nondeterministic deadlocks. For high performance data pipelines tf.data is recommended.
WARNING:tensorflow:multiprocessing can interact badly with TensorFlow, causing nondeterministic deadlocks. For high performance data pipelines tf.data is recommended.
WARNING:tensorflow:multiprocessing can interact badly with TensorFlow, causing nondeterministic deadlocks. For high performance data pipelines tf.data is recommended.
WARNING:tensorflow:multiprocessing can interact badly with TensorFlow, causing nondeterministic deadlocks. For high performance data pipelines tf.data is recommended.
WARNING:tensorflow:multiprocessing can interact badly with TensorFlow, causing nondeterministic deadlocks. For high performance data pipelines tf.data is recommended.
