		 _    _ _   _      _   
		| |  | | \ | |    | |  
		| |  | |  \| | ___| |_ 
		| |  | | . ` |/ _ \ __|
		| |__| | |\  |  __/ |_ 
		 \____/|_| \_|\___|\__|

 _____              _ _      _         ___  __                
|  __ \            | (_)    | |       |__ \/_ |               
| |__) | __ ___  __| |_  ___| |_ ___     ) || | ___ _ __ ___  
|  ___/ `__/ _ \/ _` | |/ __| __/ __|   / / | |/ __| `_ ` _ \ 
| |   | | |  __/ (_| | | (__| |_\__ \  / /_ | | (__| | | | | |
|_|   |_|  \___|\__,_|_|\___|\__|___/ |____||_|\___|_| |_| |_|

 Loaded model:
 /scratch/snx3000/mibianco/output_segunet/outputs/all24-09T23-36-45_128slice/model-sem21cm_ep77.tf
... done.


Batch Job Summary Report (version 21.01.1) for Job "pred_segunet" (44727693) on daint

Job information (1/3)
-----------------------------------------------------------------------------------------------------
             Submit            Eligible               Start                 End    Elapsed Time limit
------------------- ------------------- ------------------- ------------------- ---------- ----------
2023-02-10T15:48:59 2023-02-10T15:48:59 2023-02-10T15:49:42 2023-02-10T18:19:52   02:30:10 1-00:00:00
-----------------------------------------------------------------------------------------------------

Job information (2/3)
-------------------------------------------------------------
    Username      Account    Partition   NNodes        Energy
------------ ------------ ------------ -------- -------------
    mibianco         sk09       normal        1   1243.584 kJ

Job information (3/3) - GPU utilization data
----------------------------------------------------
   Node name       Usage      Max mem Execution time
------------ ----------- ------------ --------------
    nid02587        23 %    15561 MiB       02:29:39

