	Python 3.8.6 is now loaded in your environment.

	CUDA-10.1 loaded

	Python 3.8.6 is now loaded in your environment.

	CUDA-10.1 loaded

	TensorFlow-2.3.1 with Python3 loaded.

2021-11-02 09:45:26.763390: I tensorflow/stream_executor/platform/default/dso_loader.cc:48] Successfully opened dynamic library libcudart.so.10.1
2021-11-02 09:46:02.952452: I tensorflow/stream_executor/platform/default/dso_loader.cc:48] Successfully opened dynamic library libcuda.so.1
2021-11-02 09:46:03.330999: I tensorflow/core/common_runtime/gpu/gpu_device.cc:1716] Found device 0 with properties: 
pciBusID: 0000:06:00.0 name: Tesla V100-SXM2-32GB-LS computeCapability: 7.0
coreClock: 1.44GHz coreCount: 80 deviceMemorySize: 31.75GiB deviceMemoryBandwidth: 772.48GiB/s
2021-11-02 09:46:03.333838: I tensorflow/core/common_runtime/gpu/gpu_device.cc:1716] Found device 1 with properties: 
pciBusID: 0000:07:00.0 name: Tesla V100-SXM2-32GB-LS computeCapability: 7.0
coreClock: 1.44GHz coreCount: 80 deviceMemorySize: 31.75GiB deviceMemoryBandwidth: 772.48GiB/s
2021-11-02 09:46:03.336526: I tensorflow/core/common_runtime/gpu/gpu_device.cc:1716] Found device 2 with properties: 
pciBusID: 0000:0a:00.0 name: Tesla V100-SXM2-32GB-LS computeCapability: 7.0
coreClock: 1.44GHz coreCount: 80 deviceMemorySize: 31.75GiB deviceMemoryBandwidth: 772.48GiB/s
2021-11-02 09:46:03.339287: I tensorflow/core/common_runtime/gpu/gpu_device.cc:1716] Found device 3 with properties: 
pciBusID: 0000:0b:00.0 name: Tesla V100-SXM2-32GB-LS computeCapability: 7.0
coreClock: 1.44GHz coreCount: 80 deviceMemorySize: 31.75GiB deviceMemoryBandwidth: 772.48GiB/s
2021-11-02 09:46:03.339329: I tensorflow/stream_executor/platform/default/dso_loader.cc:48] Successfully opened dynamic library libcudart.so.10.1
2021-11-02 09:46:04.168685: I tensorflow/stream_executor/platform/default/dso_loader.cc:48] Successfully opened dynamic library libcublas.so.10
2021-11-02 09:46:04.690518: I tensorflow/stream_executor/platform/default/dso_loader.cc:48] Successfully opened dynamic library libcufft.so.10
2021-11-02 09:46:04.774312: I tensorflow/stream_executor/platform/default/dso_loader.cc:48] Successfully opened dynamic library libcurand.so.10
2021-11-02 09:46:05.651909: I tensorflow/stream_executor/platform/default/dso_loader.cc:48] Successfully opened dynamic library libcusolver.so.10
2021-11-02 09:46:06.120851: I tensorflow/stream_executor/platform/default/dso_loader.cc:48] Successfully opened dynamic library libcusparse.so.10
2021-11-02 09:46:07.053726: I tensorflow/stream_executor/platform/default/dso_loader.cc:48] Successfully opened dynamic library libcudnn.so.7
2021-11-02 09:46:07.081129: I tensorflow/core/common_runtime/gpu/gpu_device.cc:1858] Adding visible gpu devices: 0, 1, 2, 3
2021-11-02 09:46:07.204720: I tensorflow/core/platform/cpu_feature_guard.cc:142] This TensorFlow binary is optimized with oneAPI Deep Neural Network Library (oneDNN)to use the following CPU instructions in performance-critical operations:  AVX2 FMA
To enable them in other operations, rebuild TensorFlow with the appropriate compiler flags.
2021-11-02 09:46:07.745179: I tensorflow/core/platform/profile_utils/cpu_utils.cc:104] CPU Frequency: 2194875000 Hz
2021-11-02 09:46:07.774990: I tensorflow/compiler/xla/service/service.cc:168] XLA service 0x6d55850 initialized for platform Host (this does not guarantee that XLA will be used). Devices:
2021-11-02 09:46:07.775048: I tensorflow/compiler/xla/service/service.cc:176]   StreamExecutor device (0): Host, Default Version
2021-11-02 09:46:09.166546: I tensorflow/compiler/xla/service/service.cc:168] XLA service 0x676f330 initialized for platform CUDA (this does not guarantee that XLA will be used). Devices:
2021-11-02 09:46:09.166656: I tensorflow/compiler/xla/service/service.cc:176]   StreamExecutor device (0): Tesla V100-SXM2-32GB-LS, Compute Capability 7.0
2021-11-02 09:46:09.166673: I tensorflow/compiler/xla/service/service.cc:176]   StreamExecutor device (1): Tesla V100-SXM2-32GB-LS, Compute Capability 7.0
2021-11-02 09:46:09.166683: I tensorflow/compiler/xla/service/service.cc:176]   StreamExecutor device (2): Tesla V100-SXM2-32GB-LS, Compute Capability 7.0
2021-11-02 09:46:09.166720: I tensorflow/compiler/xla/service/service.cc:176]   StreamExecutor device (3): Tesla V100-SXM2-32GB-LS, Compute Capability 7.0
2021-11-02 09:46:09.200252: I tensorflow/core/common_runtime/gpu/gpu_device.cc:1716] Found device 0 with properties: 
pciBusID: 0000:06:00.0 name: Tesla V100-SXM2-32GB-LS computeCapability: 7.0
coreClock: 1.44GHz coreCount: 80 deviceMemorySize: 31.75GiB deviceMemoryBandwidth: 772.48GiB/s
2021-11-02 09:46:09.202015: I tensorflow/core/common_runtime/gpu/gpu_device.cc:1716] Found device 1 with properties: 
pciBusID: 0000:07:00.0 name: Tesla V100-SXM2-32GB-LS computeCapability: 7.0
coreClock: 1.44GHz coreCount: 80 deviceMemorySize: 31.75GiB deviceMemoryBandwidth: 772.48GiB/s
2021-11-02 09:46:09.203750: I tensorflow/core/common_runtime/gpu/gpu_device.cc:1716] Found device 2 with properties: 
pciBusID: 0000:0a:00.0 name: Tesla V100-SXM2-32GB-LS computeCapability: 7.0
coreClock: 1.44GHz coreCount: 80 deviceMemorySize: 31.75GiB deviceMemoryBandwidth: 772.48GiB/s
2021-11-02 09:46:09.205469: I tensorflow/core/common_runtime/gpu/gpu_device.cc:1716] Found device 3 with properties: 
pciBusID: 0000:0b:00.0 name: Tesla V100-SXM2-32GB-LS computeCapability: 7.0
coreClock: 1.44GHz coreCount: 80 deviceMemorySize: 31.75GiB deviceMemoryBandwidth: 772.48GiB/s
2021-11-02 09:46:09.205516: I tensorflow/stream_executor/platform/default/dso_loader.cc:48] Successfully opened dynamic library libcudart.so.10.1
2021-11-02 09:46:09.205559: I tensorflow/stream_executor/platform/default/dso_loader.cc:48] Successfully opened dynamic library libcublas.so.10
2021-11-02 09:46:09.205590: I tensorflow/stream_executor/platform/default/dso_loader.cc:48] Successfully opened dynamic library libcufft.so.10
2021-11-02 09:46:09.205619: I tensorflow/stream_executor/platform/default/dso_loader.cc:48] Successfully opened dynamic library libcurand.so.10
2021-11-02 09:46:09.205648: I tensorflow/stream_executor/platform/default/dso_loader.cc:48] Successfully opened dynamic library libcusolver.so.10
2021-11-02 09:46:09.205676: I tensorflow/stream_executor/platform/default/dso_loader.cc:48] Successfully opened dynamic library libcusparse.so.10
2021-11-02 09:46:09.205706: I tensorflow/stream_executor/platform/default/dso_loader.cc:48] Successfully opened dynamic library libcudnn.so.7
2021-11-02 09:46:09.219231: I tensorflow/core/common_runtime/gpu/gpu_device.cc:1858] Adding visible gpu devices: 0, 1, 2, 3
2021-11-02 09:46:09.242754: I tensorflow/stream_executor/platform/default/dso_loader.cc:48] Successfully opened dynamic library libcudart.so.10.1
2021-11-02 09:46:15.125027: I tensorflow/core/common_runtime/gpu/gpu_device.cc:1257] Device interconnect StreamExecutor with strength 1 edge matrix:
2021-11-02 09:46:15.125145: I tensorflow/core/common_runtime/gpu/gpu_device.cc:1263]      0 1 2 3 
2021-11-02 09:46:15.125164: I tensorflow/core/common_runtime/gpu/gpu_device.cc:1276] 0:   N Y Y Y 
2021-11-02 09:46:15.125175: I tensorflow/core/common_runtime/gpu/gpu_device.cc:1276] 1:   Y N Y Y 
2021-11-02 09:46:15.125184: I tensorflow/core/common_runtime/gpu/gpu_device.cc:1276] 2:   Y Y N Y 
2021-11-02 09:46:15.125193: I tensorflow/core/common_runtime/gpu/gpu_device.cc:1276] 3:   Y Y Y N 
2021-11-02 09:46:15.153146: I tensorflow/core/common_runtime/gpu/gpu_device.cc:1402] Created TensorFlow device (/job:localhost/replica:0/task:0/device:GPU:0 with 30132 MB memory) -> physical GPU (device: 0, name: Tesla V100-SXM2-32GB-LS, pci bus id: 0000:06:00.0, compute capability: 7.0)
2021-11-02 09:46:15.178443: I tensorflow/core/common_runtime/gpu/gpu_device.cc:1402] Created TensorFlow device (/job:localhost/replica:0/task:0/device:GPU:1 with 30132 MB memory) -> physical GPU (device: 1, name: Tesla V100-SXM2-32GB-LS, pci bus id: 0000:07:00.0, compute capability: 7.0)
2021-11-02 09:46:15.180631: I tensorflow/core/common_runtime/gpu/gpu_device.cc:1402] Created TensorFlow device (/job:localhost/replica:0/task:0/device:GPU:2 with 30132 MB memory) -> physical GPU (device: 2, name: Tesla V100-SXM2-32GB-LS, pci bus id: 0000:0a:00.0, compute capability: 7.0)
2021-11-02 09:46:15.182872: I tensorflow/core/common_runtime/gpu/gpu_device.cc:1402] Created TensorFlow device (/job:localhost/replica:0/task:0/device:GPU:3 with 30132 MB memory) -> physical GPU (device: 3, name: Tesla V100-SXM2-32GB-LS, pci bus id: 0000:0b:00.0, compute capability: 7.0)
WARNING:tensorflow:From segUNet.py:159: multi_gpu_model (from tensorflow.python.keras.utils.multi_gpu_utils) is deprecated and will be removed after 2020-04-01.
Instructions for updating:
Use `tf.distribute.MirroredStrategy` instead.
2021-11-02 09:46:19.699900: I tensorflow/core/common_runtime/gpu/gpu_device.cc:1716] Found device 0 with properties: 
pciBusID: 0000:06:00.0 name: Tesla V100-SXM2-32GB-LS computeCapability: 7.0
coreClock: 1.44GHz coreCount: 80 deviceMemorySize: 31.75GiB deviceMemoryBandwidth: 772.48GiB/s
2021-11-02 09:46:19.701922: I tensorflow/core/common_runtime/gpu/gpu_device.cc:1716] Found device 1 with properties: 
pciBusID: 0000:07:00.0 name: Tesla V100-SXM2-32GB-LS computeCapability: 7.0
coreClock: 1.44GHz coreCount: 80 deviceMemorySize: 31.75GiB deviceMemoryBandwidth: 772.48GiB/s
2021-11-02 09:46:19.703717: I tensorflow/core/common_runtime/gpu/gpu_device.cc:1716] Found device 2 with properties: 
pciBusID: 0000:0a:00.0 name: Tesla V100-SXM2-32GB-LS computeCapability: 7.0
coreClock: 1.44GHz coreCount: 80 deviceMemorySize: 31.75GiB deviceMemoryBandwidth: 772.48GiB/s
2021-11-02 09:46:19.705479: I tensorflow/core/common_runtime/gpu/gpu_device.cc:1716] Found device 3 with properties: 
pciBusID: 0000:0b:00.0 name: Tesla V100-SXM2-32GB-LS computeCapability: 7.0
coreClock: 1.44GHz coreCount: 80 deviceMemorySize: 31.75GiB deviceMemoryBandwidth: 772.48GiB/s
2021-11-02 09:46:19.705520: I tensorflow/stream_executor/platform/default/dso_loader.cc:48] Successfully opened dynamic library libcudart.so.10.1
2021-11-02 09:46:19.705556: I tensorflow/stream_executor/platform/default/dso_loader.cc:48] Successfully opened dynamic library libcublas.so.10
2021-11-02 09:46:19.705589: I tensorflow/stream_executor/platform/default/dso_loader.cc:48] Successfully opened dynamic library libcufft.so.10
2021-11-02 09:46:19.705621: I tensorflow/stream_executor/platform/default/dso_loader.cc:48] Successfully opened dynamic library libcurand.so.10
2021-11-02 09:46:19.705652: I tensorflow/stream_executor/platform/default/dso_loader.cc:48] Successfully opened dynamic library libcusolver.so.10
2021-11-02 09:46:19.705683: I tensorflow/stream_executor/platform/default/dso_loader.cc:48] Successfully opened dynamic library libcusparse.so.10
2021-11-02 09:46:19.705713: I tensorflow/stream_executor/platform/default/dso_loader.cc:48] Successfully opened dynamic library libcudnn.so.7
2021-11-02 09:46:19.719429: I tensorflow/core/common_runtime/gpu/gpu_device.cc:1858] Adding visible gpu devices: 0, 1, 2, 3
2021-11-02 09:46:19.719502: I tensorflow/core/common_runtime/gpu/gpu_device.cc:1257] Device interconnect StreamExecutor with strength 1 edge matrix:
2021-11-02 09:46:19.719522: I tensorflow/core/common_runtime/gpu/gpu_device.cc:1263]      0 1 2 3 
2021-11-02 09:46:19.719534: I tensorflow/core/common_runtime/gpu/gpu_device.cc:1276] 0:   N Y Y Y 
2021-11-02 09:46:19.719544: I tensorflow/core/common_runtime/gpu/gpu_device.cc:1276] 1:   Y N Y Y 
2021-11-02 09:46:19.719554: I tensorflow/core/common_runtime/gpu/gpu_device.cc:1276] 2:   Y Y N Y 
2021-11-02 09:46:19.719563: I tensorflow/core/common_runtime/gpu/gpu_device.cc:1276] 3:   Y Y Y N 
2021-11-02 09:46:19.728238: I tensorflow/core/common_runtime/gpu/gpu_device.cc:1402] Created TensorFlow device (/job:localhost/replica:0/task:0/device:GPU:0 with 30132 MB memory) -> physical GPU (device: 0, name: Tesla V100-SXM2-32GB-LS, pci bus id: 0000:06:00.0, compute capability: 7.0)
2021-11-02 09:46:19.729974: I tensorflow/core/common_runtime/gpu/gpu_device.cc:1402] Created TensorFlow device (/job:localhost/replica:0/task:0/device:GPU:1 with 30132 MB memory) -> physical GPU (device: 1, name: Tesla V100-SXM2-32GB-LS, pci bus id: 0000:07:00.0, compute capability: 7.0)
2021-11-02 09:46:19.731765: I tensorflow/core/common_runtime/gpu/gpu_device.cc:1402] Created TensorFlow device (/job:localhost/replica:0/task:0/device:GPU:2 with 30132 MB memory) -> physical GPU (device: 2, name: Tesla V100-SXM2-32GB-LS, pci bus id: 0000:0a:00.0, compute capability: 7.0)
2021-11-02 09:46:19.733513: I tensorflow/core/common_runtime/gpu/gpu_device.cc:1402] Created TensorFlow device (/job:localhost/replica:0/task:0/device:GPU:3 with 30132 MB memory) -> physical GPU (device: 3, name: Tesla V100-SXM2-32GB-LS, pci bus id: 0000:0b:00.0, compute capability: 7.0)
2021-11-02 10:46:44.615666: I tensorflow/stream_executor/platform/default/dso_loader.cc:48] Successfully opened dynamic library libcudnn.so.7
2021-11-02 10:46:52.045121: I tensorflow/stream_executor/platform/default/dso_loader.cc:48] Successfully opened dynamic library libcublas.so.10
slurmstepd: error: *** JOB 160423 ON dgk413 CANCELLED AT 2021-11-02T15:46:07 ***
