	Python 3.8.6 is now loaded in your environment.

	CUDA-10.1 loaded

	Python 3.8.6 is now loaded in your environment.

	CUDA-10.1 loaded

	TensorFlow-2.3.1 with Python3 loaded.

2021-11-11 14:27:10.238904: I tensorflow/stream_executor/platform/default/dso_loader.cc:48] Successfully opened dynamic library libcudart.so.10.1
  0%|          | 0/552 [00:00<?, ?it/s] 99%|█████████▉| 549/552 [00:00<00:00, 5476.97it/s]100%|██████████| 552/552 [00:00<00:00, 4965.01it/s]
  0%|          | 0/552 [00:00<?, ?it/s]100%|██████████| 552/552 [00:00<00:00, 6345.04it/s]
  0%|          | 0/3 [00:00<?, ?it/s]2021-11-11 14:27:48.172502: I tensorflow/stream_executor/platform/default/dso_loader.cc:48] Successfully opened dynamic library libcuda.so.1
2021-11-11 14:27:48.643324: I tensorflow/core/common_runtime/gpu/gpu_device.cc:1716] Found device 0 with properties: 
pciBusID: 0000:06:00.0 name: Tesla V100-SXM2-32GB-LS computeCapability: 7.0
coreClock: 1.44GHz coreCount: 80 deviceMemorySize: 31.75GiB deviceMemoryBandwidth: 772.48GiB/s
2021-11-11 14:27:48.645205: I tensorflow/core/common_runtime/gpu/gpu_device.cc:1716] Found device 1 with properties: 
pciBusID: 0000:07:00.0 name: Tesla V100-SXM2-32GB-LS computeCapability: 7.0
coreClock: 1.44GHz coreCount: 80 deviceMemorySize: 31.75GiB deviceMemoryBandwidth: 772.48GiB/s
2021-11-11 14:27:48.647004: I tensorflow/core/common_runtime/gpu/gpu_device.cc:1716] Found device 2 with properties: 
pciBusID: 0000:0a:00.0 name: Tesla V100-SXM2-32GB-LS computeCapability: 7.0
coreClock: 1.44GHz coreCount: 80 deviceMemorySize: 31.75GiB deviceMemoryBandwidth: 772.48GiB/s
2021-11-11 14:27:48.648800: I tensorflow/core/common_runtime/gpu/gpu_device.cc:1716] Found device 3 with properties: 
pciBusID: 0000:0b:00.0 name: Tesla V100-SXM2-32GB-LS computeCapability: 7.0
coreClock: 1.44GHz coreCount: 80 deviceMemorySize: 31.75GiB deviceMemoryBandwidth: 772.48GiB/s
2021-11-11 14:27:48.650586: I tensorflow/core/common_runtime/gpu/gpu_device.cc:1716] Found device 4 with properties: 
pciBusID: 0000:85:00.0 name: Tesla V100-SXM2-32GB-LS computeCapability: 7.0
coreClock: 1.44GHz coreCount: 80 deviceMemorySize: 31.75GiB deviceMemoryBandwidth: 772.48GiB/s
2021-11-11 14:27:48.652404: I tensorflow/core/common_runtime/gpu/gpu_device.cc:1716] Found device 5 with properties: 
pciBusID: 0000:86:00.0 name: Tesla V100-SXM2-32GB-LS computeCapability: 7.0
coreClock: 1.44GHz coreCount: 80 deviceMemorySize: 31.75GiB deviceMemoryBandwidth: 772.48GiB/s
2021-11-11 14:27:48.654202: I tensorflow/core/common_runtime/gpu/gpu_device.cc:1716] Found device 6 with properties: 
pciBusID: 0000:89:00.0 name: Tesla V100-SXM2-32GB-LS computeCapability: 7.0
coreClock: 1.44GHz coreCount: 80 deviceMemorySize: 31.75GiB deviceMemoryBandwidth: 772.48GiB/s
2021-11-11 14:27:48.655998: I tensorflow/core/common_runtime/gpu/gpu_device.cc:1716] Found device 7 with properties: 
pciBusID: 0000:8a:00.0 name: Tesla V100-SXM2-32GB-LS computeCapability: 7.0
coreClock: 1.44GHz coreCount: 80 deviceMemorySize: 31.75GiB deviceMemoryBandwidth: 772.48GiB/s
2021-11-11 14:27:48.656038: I tensorflow/stream_executor/platform/default/dso_loader.cc:48] Successfully opened dynamic library libcudart.so.10.1
2021-11-11 14:27:49.882694: I tensorflow/stream_executor/platform/default/dso_loader.cc:48] Successfully opened dynamic library libcublas.so.10
2021-11-11 14:27:50.294702: I tensorflow/stream_executor/platform/default/dso_loader.cc:48] Successfully opened dynamic library libcufft.so.10
2021-11-11 14:27:50.446326: I tensorflow/stream_executor/platform/default/dso_loader.cc:48] Successfully opened dynamic library libcurand.so.10
2021-11-11 14:27:51.472491: I tensorflow/stream_executor/platform/default/dso_loader.cc:48] Successfully opened dynamic library libcusolver.so.10
2021-11-11 14:27:51.889794: I tensorflow/stream_executor/platform/default/dso_loader.cc:48] Successfully opened dynamic library libcusparse.so.10
2021-11-11 14:27:52.879235: I tensorflow/stream_executor/platform/default/dso_loader.cc:48] Successfully opened dynamic library libcudnn.so.7
2021-11-11 14:27:52.908655: I tensorflow/core/common_runtime/gpu/gpu_device.cc:1858] Adding visible gpu devices: 0, 1, 2, 3, 4, 5, 6, 7
2021-11-11 14:27:52.932669: I tensorflow/core/platform/cpu_feature_guard.cc:142] This TensorFlow binary is optimized with oneAPI Deep Neural Network Library (oneDNN)to use the following CPU instructions in performance-critical operations:  AVX2 FMA
To enable them in other operations, rebuild TensorFlow with the appropriate compiler flags.
2021-11-11 14:27:53.701583: I tensorflow/core/platform/profile_utils/cpu_utils.cc:104] CPU Frequency: 2195005000 Hz
2021-11-11 14:27:53.718695: I tensorflow/compiler/xla/service/service.cc:168] XLA service 0x5f546d0 initialized for platform Host (this does not guarantee that XLA will be used). Devices:
2021-11-11 14:27:53.718755: I tensorflow/compiler/xla/service/service.cc:176]   StreamExecutor device (0): Host, Default Version
2021-11-11 14:28:04.603106: I tensorflow/compiler/xla/service/service.cc:168] XLA service 0x5ff51c0 initialized for platform CUDA (this does not guarantee that XLA will be used). Devices:
2021-11-11 14:28:04.604163: I tensorflow/compiler/xla/service/service.cc:176]   StreamExecutor device (0): Tesla V100-SXM2-32GB-LS, Compute Capability 7.0
2021-11-11 14:28:04.604190: I tensorflow/compiler/xla/service/service.cc:176]   StreamExecutor device (1): Tesla V100-SXM2-32GB-LS, Compute Capability 7.0
2021-11-11 14:28:04.604219: I tensorflow/compiler/xla/service/service.cc:176]   StreamExecutor device (2): Tesla V100-SXM2-32GB-LS, Compute Capability 7.0
2021-11-11 14:28:04.604266: I tensorflow/compiler/xla/service/service.cc:176]   StreamExecutor device (3): Tesla V100-SXM2-32GB-LS, Compute Capability 7.0
2021-11-11 14:28:04.604276: I tensorflow/compiler/xla/service/service.cc:176]   StreamExecutor device (4): Tesla V100-SXM2-32GB-LS, Compute Capability 7.0
2021-11-11 14:28:04.604286: I tensorflow/compiler/xla/service/service.cc:176]   StreamExecutor device (5): Tesla V100-SXM2-32GB-LS, Compute Capability 7.0
2021-11-11 14:28:04.604296: I tensorflow/compiler/xla/service/service.cc:176]   StreamExecutor device (6): Tesla V100-SXM2-32GB-LS, Compute Capability 7.0
2021-11-11 14:28:04.604305: I tensorflow/compiler/xla/service/service.cc:176]   StreamExecutor device (7): Tesla V100-SXM2-32GB-LS, Compute Capability 7.0
2021-11-11 14:28:04.644771: I tensorflow/core/common_runtime/gpu/gpu_device.cc:1716] Found device 0 with properties: 
pciBusID: 0000:06:00.0 name: Tesla V100-SXM2-32GB-LS computeCapability: 7.0
coreClock: 1.44GHz coreCount: 80 deviceMemorySize: 31.75GiB deviceMemoryBandwidth: 772.48GiB/s
2021-11-11 14:28:04.646500: I tensorflow/core/common_runtime/gpu/gpu_device.cc:1716] Found device 1 with properties: 
pciBusID: 0000:07:00.0 name: Tesla V100-SXM2-32GB-LS computeCapability: 7.0
coreClock: 1.44GHz coreCount: 80 deviceMemorySize: 31.75GiB deviceMemoryBandwidth: 772.48GiB/s
2021-11-11 14:28:04.648223: I tensorflow/core/common_runtime/gpu/gpu_device.cc:1716] Found device 2 with properties: 
pciBusID: 0000:0a:00.0 name: Tesla V100-SXM2-32GB-LS computeCapability: 7.0
coreClock: 1.44GHz coreCount: 80 deviceMemorySize: 31.75GiB deviceMemoryBandwidth: 772.48GiB/s
2021-11-11 14:28:04.650360: I tensorflow/core/common_runtime/gpu/gpu_device.cc:1716] Found device 3 with properties: 
pciBusID: 0000:0b:00.0 name: Tesla V100-SXM2-32GB-LS computeCapability: 7.0
coreClock: 1.44GHz coreCount: 80 deviceMemorySize: 31.75GiB deviceMemoryBandwidth: 772.48GiB/s
2021-11-11 14:28:04.652989: I tensorflow/core/common_runtime/gpu/gpu_device.cc:1716] Found device 4 with properties: 
pciBusID: 0000:85:00.0 name: Tesla V100-SXM2-32GB-LS computeCapability: 7.0
coreClock: 1.44GHz coreCount: 80 deviceMemorySize: 31.75GiB deviceMemoryBandwidth: 772.48GiB/s
2021-11-11 14:28:04.655597: I tensorflow/core/common_runtime/gpu/gpu_device.cc:1716] Found device 5 with properties: 
pciBusID: 0000:86:00.0 name: Tesla V100-SXM2-32GB-LS computeCapability: 7.0
coreClock: 1.44GHz coreCount: 80 deviceMemorySize: 31.75GiB deviceMemoryBandwidth: 772.48GiB/s
2021-11-11 14:28:04.658231: I tensorflow/core/common_runtime/gpu/gpu_device.cc:1716] Found device 6 with properties: 
pciBusID: 0000:89:00.0 name: Tesla V100-SXM2-32GB-LS computeCapability: 7.0
coreClock: 1.44GHz coreCount: 80 deviceMemorySize: 31.75GiB deviceMemoryBandwidth: 772.48GiB/s
2021-11-11 14:28:04.660812: I tensorflow/core/common_runtime/gpu/gpu_device.cc:1716] Found device 7 with properties: 
pciBusID: 0000:8a:00.0 name: Tesla V100-SXM2-32GB-LS computeCapability: 7.0
coreClock: 1.44GHz coreCount: 80 deviceMemorySize: 31.75GiB deviceMemoryBandwidth: 772.48GiB/s
2021-11-11 14:28:04.660887: I tensorflow/stream_executor/platform/default/dso_loader.cc:48] Successfully opened dynamic library libcudart.so.10.1
2021-11-11 14:28:04.660945: I tensorflow/stream_executor/platform/default/dso_loader.cc:48] Successfully opened dynamic library libcublas.so.10
2021-11-11 14:28:04.660981: I tensorflow/stream_executor/platform/default/dso_loader.cc:48] Successfully opened dynamic library libcufft.so.10
2021-11-11 14:28:04.661013: I tensorflow/stream_executor/platform/default/dso_loader.cc:48] Successfully opened dynamic library libcurand.so.10
2021-11-11 14:28:04.661044: I tensorflow/stream_executor/platform/default/dso_loader.cc:48] Successfully opened dynamic library libcusolver.so.10
2021-11-11 14:28:04.661074: I tensorflow/stream_executor/platform/default/dso_loader.cc:48] Successfully opened dynamic library libcusparse.so.10
2021-11-11 14:28:04.661105: I tensorflow/stream_executor/platform/default/dso_loader.cc:48] Successfully opened dynamic library libcudnn.so.7
2021-11-11 14:28:04.696561: I tensorflow/core/common_runtime/gpu/gpu_device.cc:1858] Adding visible gpu devices: 0, 1, 2, 3, 4, 5, 6, 7
2021-11-11 14:28:04.757879: I tensorflow/stream_executor/platform/default/dso_loader.cc:48] Successfully opened dynamic library libcudart.so.10.1
2021-11-11 14:28:11.994427: I tensorflow/core/common_runtime/gpu/gpu_device.cc:1257] Device interconnect StreamExecutor with strength 1 edge matrix:
2021-11-11 14:28:11.994552: I tensorflow/core/common_runtime/gpu/gpu_device.cc:1263]      0 1 2 3 4 5 6 7 
2021-11-11 14:28:11.994578: I tensorflow/core/common_runtime/gpu/gpu_device.cc:1276] 0:   N Y Y Y Y N N N 
2021-11-11 14:28:11.994590: I tensorflow/core/common_runtime/gpu/gpu_device.cc:1276] 1:   Y N Y Y N Y N N 
2021-11-11 14:28:11.994600: I tensorflow/core/common_runtime/gpu/gpu_device.cc:1276] 2:   Y Y N Y N N Y N 
2021-11-11 14:28:11.994609: I tensorflow/core/common_runtime/gpu/gpu_device.cc:1276] 3:   Y Y Y N N N N Y 
2021-11-11 14:28:11.994618: I tensorflow/core/common_runtime/gpu/gpu_device.cc:1276] 4:   Y N N N N Y Y Y 
2021-11-11 14:28:11.994628: I tensorflow/core/common_runtime/gpu/gpu_device.cc:1276] 5:   N Y N N Y N Y Y 
2021-11-11 14:28:11.994646: I tensorflow/core/common_runtime/gpu/gpu_device.cc:1276] 6:   N N Y N Y Y N Y 
2021-11-11 14:28:11.994657: I tensorflow/core/common_runtime/gpu/gpu_device.cc:1276] 7:   N N N Y Y Y Y N 
2021-11-11 14:28:12.047536: I tensorflow/core/common_runtime/gpu/gpu_device.cc:1402] Created TensorFlow device (/job:localhost/replica:0/task:0/device:GPU:0 with 30130 MB memory) -> physical GPU (device: 0, name: Tesla V100-SXM2-32GB-LS, pci bus id: 0000:06:00.0, compute capability: 7.0)
2021-11-11 14:28:12.072712: I tensorflow/core/common_runtime/gpu/gpu_device.cc:1402] Created TensorFlow device (/job:localhost/replica:0/task:0/device:GPU:1 with 30130 MB memory) -> physical GPU (device: 1, name: Tesla V100-SXM2-32GB-LS, pci bus id: 0000:07:00.0, compute capability: 7.0)
2021-11-11 14:28:12.074700: I tensorflow/core/common_runtime/gpu/gpu_device.cc:1402] Created TensorFlow device (/job:localhost/replica:0/task:0/device:GPU:2 with 30130 MB memory) -> physical GPU (device: 2, name: Tesla V100-SXM2-32GB-LS, pci bus id: 0000:0a:00.0, compute capability: 7.0)
2021-11-11 14:28:12.076646: I tensorflow/core/common_runtime/gpu/gpu_device.cc:1402] Created TensorFlow device (/job:localhost/replica:0/task:0/device:GPU:3 with 30130 MB memory) -> physical GPU (device: 3, name: Tesla V100-SXM2-32GB-LS, pci bus id: 0000:0b:00.0, compute capability: 7.0)
2021-11-11 14:28:12.078570: I tensorflow/core/common_runtime/gpu/gpu_device.cc:1402] Created TensorFlow device (/job:localhost/replica:0/task:0/device:GPU:4 with 30130 MB memory) -> physical GPU (device: 4, name: Tesla V100-SXM2-32GB-LS, pci bus id: 0000:85:00.0, compute capability: 7.0)
2021-11-11 14:28:12.080527: I tensorflow/core/common_runtime/gpu/gpu_device.cc:1402] Created TensorFlow device (/job:localhost/replica:0/task:0/device:GPU:5 with 30130 MB memory) -> physical GPU (device: 5, name: Tesla V100-SXM2-32GB-LS, pci bus id: 0000:86:00.0, compute capability: 7.0)
2021-11-11 14:28:12.082454: I tensorflow/core/common_runtime/gpu/gpu_device.cc:1402] Created TensorFlow device (/job:localhost/replica:0/task:0/device:GPU:6 with 30130 MB memory) -> physical GPU (device: 6, name: Tesla V100-SXM2-32GB-LS, pci bus id: 0000:89:00.0, compute capability: 7.0)
2021-11-11 14:28:12.084370: I tensorflow/core/common_runtime/gpu/gpu_device.cc:1402] Created TensorFlow device (/job:localhost/replica:0/task:0/device:GPU:7 with 30130 MB memory) -> physical GPU (device: 7, name: Tesla V100-SXM2-32GB-LS, pci bus id: 0000:8a:00.0, compute capability: 7.0)
WARNING:tensorflow:From opt_talos.py:87: multi_gpu_model (from tensorflow.python.keras.utils.multi_gpu_utils) is deprecated and will be removed after 2020-04-01.
Instructions for updating:
Use `tf.distribute.MirroredStrategy` instead.
2021-11-11 14:28:14.784640: I tensorflow/core/common_runtime/gpu/gpu_device.cc:1716] Found device 0 with properties: 
pciBusID: 0000:06:00.0 name: Tesla V100-SXM2-32GB-LS computeCapability: 7.0
coreClock: 1.44GHz coreCount: 80 deviceMemorySize: 31.75GiB deviceMemoryBandwidth: 772.48GiB/s
2021-11-11 14:28:14.786400: I tensorflow/core/common_runtime/gpu/gpu_device.cc:1716] Found device 1 with properties: 
pciBusID: 0000:07:00.0 name: Tesla V100-SXM2-32GB-LS computeCapability: 7.0
coreClock: 1.44GHz coreCount: 80 deviceMemorySize: 31.75GiB deviceMemoryBandwidth: 772.48GiB/s
2021-11-11 14:28:14.788606: I tensorflow/core/common_runtime/gpu/gpu_device.cc:1716] Found device 2 with properties: 
pciBusID: 0000:0a:00.0 name: Tesla V100-SXM2-32GB-LS computeCapability: 7.0
coreClock: 1.44GHz coreCount: 80 deviceMemorySize: 31.75GiB deviceMemoryBandwidth: 772.48GiB/s
2021-11-11 14:28:14.791217: I tensorflow/core/common_runtime/gpu/gpu_device.cc:1716] Found device 3 with properties: 
pciBusID: 0000:0b:00.0 name: Tesla V100-SXM2-32GB-LS computeCapability: 7.0
coreClock: 1.44GHz coreCount: 80 deviceMemorySize: 31.75GiB deviceMemoryBandwidth: 772.48GiB/s
2021-11-11 14:28:14.793768: I tensorflow/core/common_runtime/gpu/gpu_device.cc:1716] Found device 4 with properties: 
pciBusID: 0000:85:00.0 name: Tesla V100-SXM2-32GB-LS computeCapability: 7.0
coreClock: 1.44GHz coreCount: 80 deviceMemorySize: 31.75GiB deviceMemoryBandwidth: 772.48GiB/s
2021-11-11 14:28:14.796319: I tensorflow/core/common_runtime/gpu/gpu_device.cc:1716] Found device 5 with properties: 
pciBusID: 0000:86:00.0 name: Tesla V100-SXM2-32GB-LS computeCapability: 7.0
coreClock: 1.44GHz coreCount: 80 deviceMemorySize: 31.75GiB deviceMemoryBandwidth: 772.48GiB/s
2021-11-11 14:28:14.798871: I tensorflow/core/common_runtime/gpu/gpu_device.cc:1716] Found device 6 with properties: 
pciBusID: 0000:89:00.0 name: Tesla V100-SXM2-32GB-LS computeCapability: 7.0
coreClock: 1.44GHz coreCount: 80 deviceMemorySize: 31.75GiB deviceMemoryBandwidth: 772.48GiB/s
2021-11-11 14:28:14.801495: I tensorflow/core/common_runtime/gpu/gpu_device.cc:1716] Found device 7 with properties: 
pciBusID: 0000:8a:00.0 name: Tesla V100-SXM2-32GB-LS computeCapability: 7.0
coreClock: 1.44GHz coreCount: 80 deviceMemorySize: 31.75GiB deviceMemoryBandwidth: 772.48GiB/s
2021-11-11 14:28:14.801547: I tensorflow/stream_executor/platform/default/dso_loader.cc:48] Successfully opened dynamic library libcudart.so.10.1
2021-11-11 14:28:14.801589: I tensorflow/stream_executor/platform/default/dso_loader.cc:48] Successfully opened dynamic library libcublas.so.10
2021-11-11 14:28:14.801620: I tensorflow/stream_executor/platform/default/dso_loader.cc:48] Successfully opened dynamic library libcufft.so.10
2021-11-11 14:28:14.801688: I tensorflow/stream_executor/platform/default/dso_loader.cc:48] Successfully opened dynamic library libcurand.so.10
2021-11-11 14:28:14.801722: I tensorflow/stream_executor/platform/default/dso_loader.cc:48] Successfully opened dynamic library libcusolver.so.10
2021-11-11 14:28:14.801753: I tensorflow/stream_executor/platform/default/dso_loader.cc:48] Successfully opened dynamic library libcusparse.so.10
2021-11-11 14:28:14.801784: I tensorflow/stream_executor/platform/default/dso_loader.cc:48] Successfully opened dynamic library libcudnn.so.7
2021-11-11 14:28:14.835795: I tensorflow/core/common_runtime/gpu/gpu_device.cc:1858] Adding visible gpu devices: 0, 1, 2, 3, 4, 5, 6, 7
2021-11-11 14:28:14.835921: I tensorflow/core/common_runtime/gpu/gpu_device.cc:1257] Device interconnect StreamExecutor with strength 1 edge matrix:
2021-11-11 14:28:14.835943: I tensorflow/core/common_runtime/gpu/gpu_device.cc:1263]      0 1 2 3 4 5 6 7 
2021-11-11 14:28:14.835956: I tensorflow/core/common_runtime/gpu/gpu_device.cc:1276] 0:   N Y Y Y Y N N N 
2021-11-11 14:28:14.835966: I tensorflow/core/common_runtime/gpu/gpu_device.cc:1276] 1:   Y N Y Y N Y N N 
2021-11-11 14:28:14.835975: I tensorflow/core/common_runtime/gpu/gpu_device.cc:1276] 2:   Y Y N Y N N Y N 
2021-11-11 14:28:14.835984: I tensorflow/core/common_runtime/gpu/gpu_device.cc:1276] 3:   Y Y Y N N N N Y 
2021-11-11 14:28:14.835993: I tensorflow/core/common_runtime/gpu/gpu_device.cc:1276] 4:   Y N N N N Y Y Y 
2021-11-11 14:28:14.836002: I tensorflow/core/common_runtime/gpu/gpu_device.cc:1276] 5:   N Y N N Y N Y Y 
2021-11-11 14:28:14.836011: I tensorflow/core/common_runtime/gpu/gpu_device.cc:1276] 6:   N N Y N Y Y N Y 
2021-11-11 14:28:14.836020: I tensorflow/core/common_runtime/gpu/gpu_device.cc:1276] 7:   N N N Y Y Y Y N 
2021-11-11 14:28:14.851292: I tensorflow/core/common_runtime/gpu/gpu_device.cc:1402] Created TensorFlow device (/job:localhost/replica:0/task:0/device:GPU:0 with 30130 MB memory) -> physical GPU (device: 0, name: Tesla V100-SXM2-32GB-LS, pci bus id: 0000:06:00.0, compute capability: 7.0)
2021-11-11 14:28:14.853022: I tensorflow/core/common_runtime/gpu/gpu_device.cc:1402] Created TensorFlow device (/job:localhost/replica:0/task:0/device:GPU:1 with 30130 MB memory) -> physical GPU (device: 1, name: Tesla V100-SXM2-32GB-LS, pci bus id: 0000:07:00.0, compute capability: 7.0)
2021-11-11 14:28:14.854743: I tensorflow/core/common_runtime/gpu/gpu_device.cc:1402] Created TensorFlow device (/job:localhost/replica:0/task:0/device:GPU:2 with 30130 MB memory) -> physical GPU (device: 2, name: Tesla V100-SXM2-32GB-LS, pci bus id: 0000:0a:00.0, compute capability: 7.0)
2021-11-11 14:28:14.856462: I tensorflow/core/common_runtime/gpu/gpu_device.cc:1402] Created TensorFlow device (/job:localhost/replica:0/task:0/device:GPU:3 with 30130 MB memory) -> physical GPU (device: 3, name: Tesla V100-SXM2-32GB-LS, pci bus id: 0000:0b:00.0, compute capability: 7.0)
2021-11-11 14:28:14.858151: I tensorflow/core/common_runtime/gpu/gpu_device.cc:1402] Created TensorFlow device (/job:localhost/replica:0/task:0/device:GPU:4 with 30130 MB memory) -> physical GPU (device: 4, name: Tesla V100-SXM2-32GB-LS, pci bus id: 0000:85:00.0, compute capability: 7.0)
2021-11-11 14:28:14.859892: I tensorflow/core/common_runtime/gpu/gpu_device.cc:1402] Created TensorFlow device (/job:localhost/replica:0/task:0/device:GPU:5 with 30130 MB memory) -> physical GPU (device: 5, name: Tesla V100-SXM2-32GB-LS, pci bus id: 0000:86:00.0, compute capability: 7.0)
2021-11-11 14:28:14.861609: I tensorflow/core/common_runtime/gpu/gpu_device.cc:1402] Created TensorFlow device (/job:localhost/replica:0/task:0/device:GPU:6 with 30130 MB memory) -> physical GPU (device: 6, name: Tesla V100-SXM2-32GB-LS, pci bus id: 0000:89:00.0, compute capability: 7.0)
2021-11-11 14:28:14.863330: I tensorflow/core/common_runtime/gpu/gpu_device.cc:1402] Created TensorFlow device (/job:localhost/replica:0/task:0/device:GPU:7 with 30130 MB memory) -> physical GPU (device: 7, name: Tesla V100-SXM2-32GB-LS, pci bus id: 0000:8a:00.0, compute capability: 7.0)
2021-11-11 14:28:33.132439: I tensorflow/stream_executor/platform/default/dso_loader.cc:48] Successfully opened dynamic library libcudnn.so.7
2021-11-11 14:28:39.282252: I tensorflow/stream_executor/platform/default/dso_loader.cc:48] Successfully opened dynamic library libcublas.so.10
 33%|███▎      | 1/3 [04:14<08:29, 254.97s/it]2021-11-11 14:32:04.405828: I tensorflow/core/common_runtime/gpu/gpu_device.cc:1716] Found device 0 with properties: 
pciBusID: 0000:06:00.0 name: Tesla V100-SXM2-32GB-LS computeCapability: 7.0
coreClock: 1.44GHz coreCount: 80 deviceMemorySize: 31.75GiB deviceMemoryBandwidth: 772.48GiB/s
2021-11-11 14:32:04.407596: I tensorflow/core/common_runtime/gpu/gpu_device.cc:1716] Found device 1 with properties: 
pciBusID: 0000:07:00.0 name: Tesla V100-SXM2-32GB-LS computeCapability: 7.0
coreClock: 1.44GHz coreCount: 80 deviceMemorySize: 31.75GiB deviceMemoryBandwidth: 772.48GiB/s
2021-11-11 14:32:04.409403: I tensorflow/core/common_runtime/gpu/gpu_device.cc:1716] Found device 2 with properties: 
pciBusID: 0000:0a:00.0 name: Tesla V100-SXM2-32GB-LS computeCapability: 7.0
coreClock: 1.44GHz coreCount: 80 deviceMemorySize: 31.75GiB deviceMemoryBandwidth: 772.48GiB/s
2021-11-11 14:32:04.411169: I tensorflow/core/common_runtime/gpu/gpu_device.cc:1716] Found device 3 with properties: 
pciBusID: 0000:0b:00.0 name: Tesla V100-SXM2-32GB-LS computeCapability: 7.0
coreClock: 1.44GHz coreCount: 80 deviceMemorySize: 31.75GiB deviceMemoryBandwidth: 772.48GiB/s
2021-11-11 14:32:04.412909: I tensorflow/core/common_runtime/gpu/gpu_device.cc:1716] Found device 4 with properties: 
pciBusID: 0000:85:00.0 name: Tesla V100-SXM2-32GB-LS computeCapability: 7.0
coreClock: 1.44GHz coreCount: 80 deviceMemorySize: 31.75GiB deviceMemoryBandwidth: 772.48GiB/s
2021-11-11 14:32:04.414622: I tensorflow/core/common_runtime/gpu/gpu_device.cc:1716] Found device 5 with properties: 
pciBusID: 0000:86:00.0 name: Tesla V100-SXM2-32GB-LS computeCapability: 7.0
coreClock: 1.44GHz coreCount: 80 deviceMemorySize: 31.75GiB deviceMemoryBandwidth: 772.48GiB/s
2021-11-11 14:32:04.416344: I tensorflow/core/common_runtime/gpu/gpu_device.cc:1716] Found device 6 with properties: 
pciBusID: 0000:89:00.0 name: Tesla V100-SXM2-32GB-LS computeCapability: 7.0
coreClock: 1.44GHz coreCount: 80 deviceMemorySize: 31.75GiB deviceMemoryBandwidth: 772.48GiB/s
2021-11-11 14:32:04.418056: I tensorflow/core/common_runtime/gpu/gpu_device.cc:1716] Found device 7 with properties: 
pciBusID: 0000:8a:00.0 name: Tesla V100-SXM2-32GB-LS computeCapability: 7.0
coreClock: 1.44GHz coreCount: 80 deviceMemorySize: 31.75GiB deviceMemoryBandwidth: 772.48GiB/s
2021-11-11 14:32:04.418127: I tensorflow/stream_executor/platform/default/dso_loader.cc:48] Successfully opened dynamic library libcudart.so.10.1
2021-11-11 14:32:04.418185: I tensorflow/stream_executor/platform/default/dso_loader.cc:48] Successfully opened dynamic library libcublas.so.10
2021-11-11 14:32:04.418220: I tensorflow/stream_executor/platform/default/dso_loader.cc:48] Successfully opened dynamic library libcufft.so.10
2021-11-11 14:32:04.418252: I tensorflow/stream_executor/platform/default/dso_loader.cc:48] Successfully opened dynamic library libcurand.so.10
2021-11-11 14:32:04.418284: I tensorflow/stream_executor/platform/default/dso_loader.cc:48] Successfully opened dynamic library libcusolver.so.10
2021-11-11 14:32:04.418316: I tensorflow/stream_executor/platform/default/dso_loader.cc:48] Successfully opened dynamic library libcusparse.so.10
2021-11-11 14:32:04.418347: I tensorflow/stream_executor/platform/default/dso_loader.cc:48] Successfully opened dynamic library libcudnn.so.7
2021-11-11 14:32:04.443398: I tensorflow/core/common_runtime/gpu/gpu_device.cc:1858] Adding visible gpu devices: 0, 1, 2, 3, 4, 5, 6, 7
2021-11-11 14:32:04.443559: I tensorflow/core/common_runtime/gpu/gpu_device.cc:1257] Device interconnect StreamExecutor with strength 1 edge matrix:
2021-11-11 14:32:04.443581: I tensorflow/core/common_runtime/gpu/gpu_device.cc:1263]      0 1 2 3 4 5 6 7 
2021-11-11 14:32:04.443606: I tensorflow/core/common_runtime/gpu/gpu_device.cc:1276] 0:   N Y Y Y Y N N N 
2021-11-11 14:32:04.443620: I tensorflow/core/common_runtime/gpu/gpu_device.cc:1276] 1:   Y N Y Y N Y N N 
2021-11-11 14:32:04.443630: I tensorflow/core/common_runtime/gpu/gpu_device.cc:1276] 2:   Y Y N Y N N Y N 
2021-11-11 14:32:04.443650: I tensorflow/core/common_runtime/gpu/gpu_device.cc:1276] 3:   Y Y Y N N N N Y 
2021-11-11 14:32:04.443660: I tensorflow/core/common_runtime/gpu/gpu_device.cc:1276] 4:   Y N N N N Y Y Y 
2021-11-11 14:32:04.443669: I tensorflow/core/common_runtime/gpu/gpu_device.cc:1276] 5:   N Y N N Y N Y Y 
2021-11-11 14:32:04.443678: I tensorflow/core/common_runtime/gpu/gpu_device.cc:1276] 6:   N N Y N Y Y N Y 
2021-11-11 14:32:04.443688: I tensorflow/core/common_runtime/gpu/gpu_device.cc:1276] 7:   N N N Y Y Y Y N 
2021-11-11 14:32:04.469021: I tensorflow/core/common_runtime/gpu/gpu_device.cc:1402] Created TensorFlow device (/job:localhost/replica:0/task:0/device:GPU:0 with 30130 MB memory) -> physical GPU (device: 0, name: Tesla V100-SXM2-32GB-LS, pci bus id: 0000:06:00.0, compute capability: 7.0)
2021-11-11 14:32:04.471787: I tensorflow/core/common_runtime/gpu/gpu_device.cc:1402] Created TensorFlow device (/job:localhost/replica:0/task:0/device:GPU:1 with 30130 MB memory) -> physical GPU (device: 1, name: Tesla V100-SXM2-32GB-LS, pci bus id: 0000:07:00.0, compute capability: 7.0)
2021-11-11 14:32:04.474881: I tensorflow/core/common_runtime/gpu/gpu_device.cc:1402] Created TensorFlow device (/job:localhost/replica:0/task:0/device:GPU:2 with 30130 MB memory) -> physical GPU (device: 2, name: Tesla V100-SXM2-32GB-LS, pci bus id: 0000:0a:00.0, compute capability: 7.0)
2021-11-11 14:32:04.477860: I tensorflow/core/common_runtime/gpu/gpu_device.cc:1402] Created TensorFlow device (/job:localhost/replica:0/task:0/device:GPU:3 with 30130 MB memory) -> physical GPU (device: 3, name: Tesla V100-SXM2-32GB-LS, pci bus id: 0000:0b:00.0, compute capability: 7.0)
2021-11-11 14:32:04.480755: I tensorflow/core/common_runtime/gpu/gpu_device.cc:1402] Created TensorFlow device (/job:localhost/replica:0/task:0/device:GPU:4 with 30130 MB memory) -> physical GPU (device: 4, name: Tesla V100-SXM2-32GB-LS, pci bus id: 0000:85:00.0, compute capability: 7.0)
2021-11-11 14:32:04.483461: I tensorflow/core/common_runtime/gpu/gpu_device.cc:1402] Created TensorFlow device (/job:localhost/replica:0/task:0/device:GPU:5 with 30130 MB memory) -> physical GPU (device: 5, name: Tesla V100-SXM2-32GB-LS, pci bus id: 0000:86:00.0, compute capability: 7.0)
2021-11-11 14:32:04.486313: I tensorflow/core/common_runtime/gpu/gpu_device.cc:1402] Created TensorFlow device (/job:localhost/replica:0/task:0/device:GPU:6 with 30130 MB memory) -> physical GPU (device: 6, name: Tesla V100-SXM2-32GB-LS, pci bus id: 0000:89:00.0, compute capability: 7.0)
2021-11-11 14:32:04.489094: I tensorflow/core/common_runtime/gpu/gpu_device.cc:1402] Created TensorFlow device (/job:localhost/replica:0/task:0/device:GPU:7 with 30130 MB memory) -> physical GPU (device: 7, name: Tesla V100-SXM2-32GB-LS, pci bus id: 0000:8a:00.0, compute capability: 7.0)
 67%|██████▋   | 2/3 [07:24<03:36, 216.74s/it]2021-11-11 14:35:14.492647: I tensorflow/core/common_runtime/gpu/gpu_device.cc:1716] Found device 0 with properties: 
pciBusID: 0000:06:00.0 name: Tesla V100-SXM2-32GB-LS computeCapability: 7.0
coreClock: 1.44GHz coreCount: 80 deviceMemorySize: 31.75GiB deviceMemoryBandwidth: 772.48GiB/s
2021-11-11 14:35:14.494443: I tensorflow/core/common_runtime/gpu/gpu_device.cc:1716] Found device 1 with properties: 
pciBusID: 0000:07:00.0 name: Tesla V100-SXM2-32GB-LS computeCapability: 7.0
coreClock: 1.44GHz coreCount: 80 deviceMemorySize: 31.75GiB deviceMemoryBandwidth: 772.48GiB/s
2021-11-11 14:35:14.496209: I tensorflow/core/common_runtime/gpu/gpu_device.cc:1716] Found device 2 with properties: 
pciBusID: 0000:0a:00.0 name: Tesla V100-SXM2-32GB-LS computeCapability: 7.0
coreClock: 1.44GHz coreCount: 80 deviceMemorySize: 31.75GiB deviceMemoryBandwidth: 772.48GiB/s
2021-11-11 14:35:14.497975: I tensorflow/core/common_runtime/gpu/gpu_device.cc:1716] Found device 3 with properties: 
pciBusID: 0000:0b:00.0 name: Tesla V100-SXM2-32GB-LS computeCapability: 7.0
coreClock: 1.44GHz coreCount: 80 deviceMemorySize: 31.75GiB deviceMemoryBandwidth: 772.48GiB/s
2021-11-11 14:35:14.499734: I tensorflow/core/common_runtime/gpu/gpu_device.cc:1716] Found device 4 with properties: 
pciBusID: 0000:85:00.0 name: Tesla V100-SXM2-32GB-LS computeCapability: 7.0
coreClock: 1.44GHz coreCount: 80 deviceMemorySize: 31.75GiB deviceMemoryBandwidth: 772.48GiB/s
2021-11-11 14:35:14.501478: I tensorflow/core/common_runtime/gpu/gpu_device.cc:1716] Found device 5 with properties: 
pciBusID: 0000:86:00.0 name: Tesla V100-SXM2-32GB-LS computeCapability: 7.0
coreClock: 1.44GHz coreCount: 80 deviceMemorySize: 31.75GiB deviceMemoryBandwidth: 772.48GiB/s
2021-11-11 14:35:14.504297: I tensorflow/core/common_runtime/gpu/gpu_device.cc:1716] Found device 6 with properties: 
pciBusID: 0000:89:00.0 name: Tesla V100-SXM2-32GB-LS computeCapability: 7.0
coreClock: 1.44GHz coreCount: 80 deviceMemorySize: 31.75GiB deviceMemoryBandwidth: 772.48GiB/s
2021-11-11 14:35:14.507314: I tensorflow/core/common_runtime/gpu/gpu_device.cc:1716] Found device 7 with properties: 
pciBusID: 0000:8a:00.0 name: Tesla V100-SXM2-32GB-LS computeCapability: 7.0
coreClock: 1.44GHz coreCount: 80 deviceMemorySize: 31.75GiB deviceMemoryBandwidth: 772.48GiB/s
2021-11-11 14:35:14.507390: I tensorflow/stream_executor/platform/default/dso_loader.cc:48] Successfully opened dynamic library libcudart.so.10.1
2021-11-11 14:35:14.507446: I tensorflow/stream_executor/platform/default/dso_loader.cc:48] Successfully opened dynamic library libcublas.so.10
2021-11-11 14:35:14.507482: I tensorflow/stream_executor/platform/default/dso_loader.cc:48] Successfully opened dynamic library libcufft.so.10
2021-11-11 14:35:14.507516: I tensorflow/stream_executor/platform/default/dso_loader.cc:48] Successfully opened dynamic library libcurand.so.10
2021-11-11 14:35:14.507548: I tensorflow/stream_executor/platform/default/dso_loader.cc:48] Successfully opened dynamic library libcusolver.so.10
2021-11-11 14:35:14.507579: I tensorflow/stream_executor/platform/default/dso_loader.cc:48] Successfully opened dynamic library libcusparse.so.10
2021-11-11 14:35:14.507612: I tensorflow/stream_executor/platform/default/dso_loader.cc:48] Successfully opened dynamic library libcudnn.so.7
2021-11-11 14:35:14.551525: I tensorflow/core/common_runtime/gpu/gpu_device.cc:1858] Adding visible gpu devices: 0, 1, 2, 3, 4, 5, 6, 7
2021-11-11 14:35:14.551719: I tensorflow/core/common_runtime/gpu/gpu_device.cc:1257] Device interconnect StreamExecutor with strength 1 edge matrix:
2021-11-11 14:35:14.551744: I tensorflow/core/common_runtime/gpu/gpu_device.cc:1263]      0 1 2 3 4 5 6 7 
2021-11-11 14:35:14.551759: I tensorflow/core/common_runtime/gpu/gpu_device.cc:1276] 0:   N Y Y Y Y N N N 
2021-11-11 14:35:14.551771: I tensorflow/core/common_runtime/gpu/gpu_device.cc:1276] 1:   Y N Y Y N Y N N 
2021-11-11 14:35:14.551781: I tensorflow/core/common_runtime/gpu/gpu_device.cc:1276] 2:   Y Y N Y N N Y N 
2021-11-11 14:35:14.551793: I tensorflow/core/common_runtime/gpu/gpu_device.cc:1276] 3:   Y Y Y N N N N Y 
2021-11-11 14:35:14.551803: I tensorflow/core/common_runtime/gpu/gpu_device.cc:1276] 4:   Y N N N N Y Y Y 
2021-11-11 14:35:14.551814: I tensorflow/core/common_runtime/gpu/gpu_device.cc:1276] 5:   N Y N N Y N Y Y 
2021-11-11 14:35:14.551824: I tensorflow/core/common_runtime/gpu/gpu_device.cc:1276] 6:   N N Y N Y Y N Y 
2021-11-11 14:35:14.551835: I tensorflow/core/common_runtime/gpu/gpu_device.cc:1276] 7:   N N N Y Y Y Y N 
2021-11-11 14:35:14.577251: I tensorflow/core/common_runtime/gpu/gpu_device.cc:1402] Created TensorFlow device (/job:localhost/replica:0/task:0/device:GPU:0 with 30130 MB memory) -> physical GPU (device: 0, name: Tesla V100-SXM2-32GB-LS, pci bus id: 0000:06:00.0, compute capability: 7.0)
2021-11-11 14:35:14.580100: I tensorflow/core/common_runtime/gpu/gpu_device.cc:1402] Created TensorFlow device (/job:localhost/replica:0/task:0/device:GPU:1 with 30130 MB memory) -> physical GPU (device: 1, name: Tesla V100-SXM2-32GB-LS, pci bus id: 0000:07:00.0, compute capability: 7.0)
2021-11-11 14:35:14.582816: I tensorflow/core/common_runtime/gpu/gpu_device.cc:1402] Created TensorFlow device (/job:localhost/replica:0/task:0/device:GPU:2 with 30130 MB memory) -> physical GPU (device: 2, name: Tesla V100-SXM2-32GB-LS, pci bus id: 0000:0a:00.0, compute capability: 7.0)
2021-11-11 14:35:14.585651: I tensorflow/core/common_runtime/gpu/gpu_device.cc:1402] Created TensorFlow device (/job:localhost/replica:0/task:0/device:GPU:3 with 30130 MB memory) -> physical GPU (device: 3, name: Tesla V100-SXM2-32GB-LS, pci bus id: 0000:0b:00.0, compute capability: 7.0)
2021-11-11 14:35:14.588373: I tensorflow/core/common_runtime/gpu/gpu_device.cc:1402] Created TensorFlow device (/job:localhost/replica:0/task:0/device:GPU:4 with 30130 MB memory) -> physical GPU (device: 4, name: Tesla V100-SXM2-32GB-LS, pci bus id: 0000:85:00.0, compute capability: 7.0)
2021-11-11 14:35:14.591640: I tensorflow/core/common_runtime/gpu/gpu_device.cc:1402] Created TensorFlow device (/job:localhost/replica:0/task:0/device:GPU:5 with 30130 MB memory) -> physical GPU (device: 5, name: Tesla V100-SXM2-32GB-LS, pci bus id: 0000:86:00.0, compute capability: 7.0)
2021-11-11 14:35:14.594668: I tensorflow/core/common_runtime/gpu/gpu_device.cc:1402] Created TensorFlow device (/job:localhost/replica:0/task:0/device:GPU:6 with 30130 MB memory) -> physical GPU (device: 6, name: Tesla V100-SXM2-32GB-LS, pci bus id: 0000:89:00.0, compute capability: 7.0)
2021-11-11 14:35:14.597602: I tensorflow/core/common_runtime/gpu/gpu_device.cc:1402] Created TensorFlow device (/job:localhost/replica:0/task:0/device:GPU:7 with 30130 MB memory) -> physical GPU (device: 7, name: Tesla V100-SXM2-32GB-LS, pci bus id: 0000:8a:00.0, compute capability: 7.0)
100%|██████████| 3/3 [11:11<00:00, 221.14s/it]100%|██████████| 3/3 [11:11<00:00, 223.78s/it]
